<?xml version="1.0" encoding="UTF-8"?>
<!-- Generated by org.testng.reporters.JUnitXMLReporter -->
<testsuite ignored="0" hostname="WIN-LAP01" failures="0" tests="2" name="Default test" time="7.584" errors="0" timestamp="2026-02-25T18:12:10 IST">
  <testcase classname="com.comcast.HMS.PatientTest.Book_AppointmentTest" name="BookAppointment" time="1.197"/>
  <testcase classname="com.comcast.HMS.PatientTest.Book_AppointmentTest" name="AppointmentHistory" time="0.689"/>
</testsuite> <!-- Default test -->
