<?xml version="1.0" encoding="UTF-8"?>
<!-- Generated by org.testng.reporters.JUnitXMLReporter -->
<testsuite ignored="0" hostname="WIN-LAP01" failures="0" tests="5" name="Default test" time="17.406" errors="0" timestamp="2026-02-20T15:52:30 IST">
  <testcase classname="com.comcast.HMS.DoctorTest.Add_PatientTest" name="addPatient1" time="0.549"/>
  <testcase classname="com.comcast.HMS.DoctorTest.Add_PatientTest" name="addPatient2" time="0.467"/>
  <testcase classname="com.comcast.HMS.DoctorTest.Add_PatientTest" name="addPatient3" time="0.444"/>
  <testcase classname="com.comcast.HMS.DoctorTest.Add_PatientTest" name="addPatient4" time="0.554"/>
  <testcase classname="com.comcast.HMS.DoctorTest.Add_PatientTest" name="addPatient5" time="0.489"/>
</testsuite> <!-- Default test -->
