<?xml version="1.0" encoding="UTF-8"?>
<!-- Generated by org.testng.reporters.JUnitXMLReporter -->
<testsuite ignored="2" hostname="WIN-LAP01" failures="0" tests="1" name="Default test" time="18.37" errors="0" timestamp="2026-02-25T11:42:53 IST">
  <testcase classname="com.comcast.HMS.PatientTest.Book_AppointmentTest" name="BookAppointment" time="2.564"/>
  <testcase classname="com.comcast.HMS.PatientTest.Book_AppointmentTest" name="CheckAppointment" time="0.0">
    <ignored/>
  </testcase> <!-- CheckAppointment -->
  <testcase classname="com.comcast.HMS.PatientTest.Book_AppointmentTest" name="AppointmentHistory" time="0.0">
    <ignored/>
  </testcase> <!-- AppointmentHistory -->
</testsuite> <!-- Default test -->
