<?xml version="1.0" encoding="UTF-8"?>
<!-- Generated by org.testng.reporters.JUnitXMLReporter -->
<testsuite ignored="0" hostname="WIN-LAP01" failures="0" tests="1" name="Default test" time="0.565" errors="0" timestamp="2026-02-26T00:05:43 IST">
  <testcase classname="com.comcast.HMS.BaseTest.HMSBaseTest2" name="@BeforeClass openBrowser" time="0.453">
    <failure type="java.lang.StackOverflowError">
      <![CDATA[java.lang.StackOverflowError
at java.base/java.util.StringJoiner.<init>(StringJoiner.java:133)
at java.base/java.util.stream.Collectors.lambda$joining$11(Collectors.java:411)
at java.base/java.util.stream.ReduceOps$3ReducingSink.begin(ReduceOps.java:164)
at java.base/java.util.stream.Sink$ChainedReference.begin(Sink.java:253)
at java.base/java.util.stream.AbstractPipeline.copyInto(AbstractPipeline.java:508)
at java.base/java.util.stream.AbstractPipeline.wrapAndCopyInto(AbstractPipeline.java:499)
at java.base/java.util.stream.ReduceOps$ReduceOp.evaluateSequential(ReduceOps.java:921)
at java.base/java.util.stream.AbstractPipeline.evaluate(AbstractPipeline.java:234)
at java.base/java.util.stream.ReferencePipeline.collect(ReferencePipeline.java:682)
at org.openqa.selenium.SharedCapabilitiesMethods.abbreviate(SharedCapabilitiesMethods.java:105)
at org.openqa.selenium.SharedCapabilitiesMethods.lambda$abbreviate$4(SharedCapabilitiesMethods.java:116)
at java.base/java.util.stream.ReferencePipeline$3$1.accept(ReferencePipeline.java:197)
at java.base/java.util.stream.SortedOps$SizedRefSortingSink.end(SortedOps.java:357)
at java.base/java.util.stream.AbstractPipeline.copyInto(AbstractPipeline.java:510)
at java.base/java.util.stream.AbstractPipeline.wrapAndCopyInto(AbstractPipeline.java:499)
at java.base/java.util.stream.ReduceOps$ReduceOp.evaluateSequential(ReduceOps.java:921)
at java.base/java.util.stream.AbstractPipeline.evaluate(AbstractPipeline.java:234)
at java.base/java.util.stream.ReferencePipeline.collect(ReferencePipeline.java:682)
at org.openqa.selenium.SharedCapabilitiesMethods.abbreviate(SharedCapabilitiesMethods.java:117)
at org.openqa.selenium.SharedCapabilitiesMethods.lambda$abbreviate$4(SharedCapabilitiesMethods.java:116)
at java.base/java.util.stream.ReferencePipeline$3$1.accept(ReferencePipeline.java:197)
at java.base/java.util.stream.SortedOps$SizedRefSortingSink.end(SortedOps.java:357)
at java.base/java.util.stream.AbstractPipeline.copyInto(AbstractPipeline.java:510)
at java.base/java.util.stream.AbstractPipeline.wrapAndCopyInto(AbstractPipeline.java:499)
at java.base/java.util.stream.ReduceOps$ReduceOp.evaluateSequential(ReduceOps.java:921)
at java.base/java.util.stream.AbstractPipeline.evaluate(AbstractPipeline.java:234)
at java.base/java.util.stream.ReferencePipeline.collect(ReferencePipeline.java:682)
at org.openqa.selenium.SharedCapabilitiesMethods.abbreviate(SharedCapabilitiesMethods.java:117)
at org.openqa.selenium.SharedCapabilitiesMethods.toString(SharedCapabilitiesMethods.java:84)
at org.openqa.selenium.MutableCapabilities.toString(MutableCapabilities.java:141)
at java.base/java.lang.String.valueOf(String.java:4222)
at org.openqa.selenium.SharedCapabilitiesMethods.abbreviate(SharedCapabilitiesMethods.java:120)
at org.openqa.selenium.SharedCapabilitiesMethods.lambda$abbreviate$4(SharedCapabilitiesMethods.java:116)
at java.base/java.util.stream.ReferencePipeline$3$1.accept(ReferencePipeline.java:197)
at java.base/java.util.stream.SortedOps$SizedRefSortingSink.end(SortedOps.java:357)
at java.base/java.util.stream.AbstractPipeline.copyInto(AbstractPipeline.java:510)
at java.base/java.util.stream.AbstractPipeline.wrapAndCopyInto(AbstractPipeline.java:499)
at java.base/java.util.stream.ReduceOps$ReduceOp.evaluateSequential(ReduceOps.java:921)
at java.base/java.util.stream.AbstractPipeline.evaluate(AbstractPipeline.java:234)
at java.base/java.util.stream.ReferencePipeline.collect(ReferencePipeline.java:682)
at org.openqa.selenium.SharedCapabilitiesMethods.abbreviate(SharedCapabilitiesMethods.java:117)
at org.openqa.selenium.SharedCapabilitiesMethods.lambda$abbreviate$4(SharedCapabilitiesMethods.java:116)
at java.base/java.util.stream.ReferencePipeline$3$1.accept(ReferencePipeline.java:197)
at java.base/java.util.stream.SortedOps$SizedRefSortingSink.end(SortedOps.java:357)
at java.base/java.util.stream.AbstractPipeline.copyInto(AbstractPipeline.java:510)
at java.base/java.util.stream.AbstractPipeline.wrapAndCopyInto(AbstractPipeline.java:499)
at java.base/java.util.stream.ReduceOps$ReduceOp.evaluateSequential(ReduceOps.java:921)
at java.base/java.util.stream.AbstractPipeline.evaluate(AbstractPipeline.java:234)
at java.base/java.util.stream.ReferencePipeline.collect(ReferencePipeline.java:682)
at org.openqa.selenium.SharedCapabilitiesMethods.abbreviate(SharedCapabilitiesMethods.java:117)
at org.openqa.selenium.SharedCapabilitiesMethods.toString(SharedCapabilitiesMethods.java:84)
at org.openqa.selenium.MutableCapabilities.toString(MutableCapabilities.java:141)
at java.base/java.lang.String.valueOf(String.java:4222)
at org.openqa.selenium.SharedCapabilitiesMethods.abbreviate(SharedCapabilitiesMethods.java:120)
at org.openqa.selenium.SharedCapabilitiesMethods.lambda$abbreviate$4(SharedCapabilitiesMethods.java:116)
at java.base/java.util.stream.ReferencePipeline$3$1.accept(ReferencePipeline.java:197)
at java.base/java.util.stream.SortedOps$SizedRefSortingSink.end(SortedOps.java:357)
at java.base/java.util.stream.AbstractPipeline.copyInto(AbstractPipeline.java:510)
at java.base/java.util.stream.AbstractPipeline.wrapAndCopyInto(AbstractPipeline.java:499)
at java.base/java.util.stream.ReduceOps$ReduceOp.evaluateSequential(ReduceOps.java:921)
at java.base/java.util.stream.AbstractPipeline.evaluate(AbstractPipeline.java:234)
at java.base/java.util.stream.ReferencePipeline.collect(ReferencePipeline.java:682)
at org.openqa.selenium.SharedCapabilitiesMethods.abbreviate(SharedCapabilitiesMethods.java:117)
at org.openqa.selenium.SharedCapabilitiesMethods.lambda$abbreviate$4(SharedCapabilitiesMethods.java:116)
at java.base/java.util.stream.ReferencePipeline$3$1.accept(ReferencePipeline.java:197)
at java.base/java.util.stream.SortedOps$SizedRefSortingSink.end(SortedOps.java:357)
at java.base/java.util.stream.AbstractPipeline.copyInto(AbstractPipeline.java:510)
at java.base/java.util.stream.AbstractPipeline.wrapAndCopyInto(AbstractPipeline.java:499)
at java.base/java.util.stream.ReduceOps$ReduceOp.evaluateSequential(ReduceOps.java:921)
at java.base/java.util.stream.AbstractPipeline.evaluate(AbstractPipeline.java:234)
at java.base/java.util.stream.ReferencePipeline.collect(ReferencePipeline.java:682)
at org.openqa.selenium.SharedCapabilitiesMethods.abbreviate(SharedCapabilitiesMethods.java:117)
at org.openqa.selenium.SharedCapabilitiesMethods.toString(SharedCapabilitiesMethods.java:84)
at org.openqa.selenium.MutableCapabilities.toString(MutableCapabilities.java:141)
at java.base/java.lang.String.valueOf(String.java:4222)
at org.openqa.selenium.SharedCapabilitiesMethods.abbreviate(SharedCapabilitiesMethods.java:120)
at org.openqa.selenium.SharedCapabilitiesMethods.lambda$abbreviate$4(SharedCapabilitiesMethods.java:116)
at java.base/java.util.stream.ReferencePipeline$3$1.accept(ReferencePipeline.java:197)
at java.base/java.util.stream.SortedOps$SizedRefSortingSink.end(SortedOps.java:357)
at java.base/java.util.stream.AbstractPipeline.copyInto(AbstractPipeline.java:510)
at java.base/java.util.stream.AbstractPipeline.wrapAndCopyInto(AbstractPipeline.java:499)
at java.base/java.util.stream.ReduceOps$ReduceOp.evaluateSequential(ReduceOps.java:921)
at java.base/java.util.stream.AbstractPipeline.evaluate(AbstractPipeline.java:234)
at java.base/java.util.stream.ReferencePipeline.collect(ReferencePipeline.java:682)
at org.openqa.selenium.SharedCapabilitiesMethods.abbreviate(SharedCapabilitiesMethods.java:117)
at org.openqa.selenium.SharedCapabilitiesMethods.lambda$abbreviate$4(SharedCapabilitiesMethods.java:116)
at java.base/java.util.stream.ReferencePipeline$3$1.accept(ReferencePipeline.java:197)
at java.base/java.util.stream.SortedOps$SizedRefSortingSink.end(SortedOps.java:357)
at java.base/java.util.stream.AbstractPipeline.copyInto(AbstractPipeline.java:510)
at java.base/java.util.stream.AbstractPipeline.wrapAndCopyInto(AbstractPipeline.java:499)
at java.base/java.util.stream.ReduceOps$ReduceOp.evaluateSequential(ReduceOps.java:921)
at java.base/java.util.stream.AbstractPipeline.evaluate(AbstractPipeline.java:234)
at java.base/java.util.stream.ReferencePipeline.collect(ReferencePipeline.java:682)
at org.openqa.selenium.SharedCapabilitiesMethods.abbreviate(SharedCapabilitiesMethods.java:117)
at org.openqa.selenium.SharedCapabilitiesMethods.toString(SharedCapabilitiesMethods.java:84)
at org.openqa.selenium.MutableCapabilities.toString(MutableCapabilities.java:141)
at java.base/java.lang.String.valueOf(String.java:4222)
at org.openqa.selenium.SharedCapabilitiesMethods.abbreviate(SharedCapabilitiesMethods.java:120)
at org.openqa.selenium.SharedCapabilitiesMethods.lambda$abbreviate$4(SharedCapabilitiesMethods.java:116)
at java.base/java.util.stream.ReferencePipeline$3$1.accept(ReferencePipeline.java:197)
at java.base/java.util.stream.SortedOps$SizedRefSortingSink.end(SortedOps.java:357)
at java.base/java.util.stream.AbstractPipeline.copyInto(AbstractPipeline.java:510)
at java.base/java.util.stream.AbstractPipeline.wrapAndCopyInto(AbstractPipeline.java:499)
at java.base/java.util.stream.ReduceOps$ReduceOp.evaluateSequential(ReduceOps.java:921)
at java.base/java.util.stream.AbstractPipeline.evaluate(AbstractPipeline.java:234)
at java.base/java.util.stream.ReferencePipeline.collect(ReferencePipeline.java:682)
at org.openqa.selenium.SharedCapabilitiesMethods.abbreviate(SharedCapabilitiesMethods.java:117)
at org.openqa.selenium.SharedCapabilitiesMethods.lambda$abbreviate$4(SharedCapabilitiesMethods.java:116)
at java.base/java.util.stream.ReferencePipeline$3$1.accept(ReferencePipeline.java:197)
at java.base/java.util.stream.SortedOps$SizedRefSortingSink.end(SortedOps.java:357)
at java.base/java.util.stream.AbstractPipeline.copyInto(AbstractPipeline.java:510)
at java.base/java.util.stream.AbstractPipeline.wrapAndCopyInto(AbstractPipeline.java:499)
at java.base/java.util.stream.ReduceOps$ReduceOp.evaluateSequential(ReduceOps.java:921)
at java.base/java.util.stream.AbstractPipeline.evaluate(AbstractPipeline.java:234)
at java.base/java.util.stream.ReferencePipeline.collect(ReferencePipeline.java:682)
at org.openqa.selenium.SharedCapabilitiesMethods.abbreviate(SharedCapabilitiesMethods.java:117)
at org.openqa.selenium.SharedCapabilitiesMethods.toString(SharedCapabilitiesMethods.java:84)
at org.openqa.selenium.MutableCapabilities.toString(MutableCapabilities.java:141)
at java.base/java.lang.String.valueOf(String.java:4222)
at org.openqa.selenium.SharedCapabilitiesMethods.abbreviate(SharedCapabilitiesMethods.java:120)
at org.openqa.selenium.SharedCapabilitiesMethods.lambda$abbreviate$4(SharedCapabilitiesMethods.java:116)
at java.base/java.util.stream.ReferencePipeline$3$1.accept(ReferencePipeline.java:197)
at java.base/java.util.stream.SortedOps$SizedRefSortingSink.end(SortedOps.java:357)
at java.base/java.util.stream.AbstractPipeline.copyInto(AbstractPipeline.java:510)
at java.base/java.util.stream.AbstractPipeline.wrapAndCopyInto(AbstractPipeline.java:499)
at java.base/java.util.stream.ReduceOps$ReduceOp.evaluateSequential(ReduceOps.java:921)
at java.base/java.util.stream.AbstractPipeline.evaluate(AbstractPipeline.java:234)
at java.base/java.util.stream.ReferencePipeline.collect(ReferencePipeline.java:682)
at org.openqa.selenium.SharedCapabilitiesMethods.abbreviate(SharedCapabilitiesMethods.java:117)
at org.openqa.selenium.SharedCapabilitiesMethods.lambda$abbreviate$4(SharedCapabilitiesMethods.java:116)
at java.base/java.util.stream.ReferencePipeline$3$1.accept(ReferencePipeline.java:197)
at java.base/java.util.stream.SortedOps$SizedRefSortingSink.end(SortedOps.java:357)
at java.base/java.util.stream.AbstractPipeline.copyInto(AbstractPipeline.java:510)
at java.base/java.util.stream.AbstractPipeline.wrapAndCopyInto(AbstractPipeline.java:499)
at java.base/java.util.stream.ReduceOps$ReduceOp.evaluateSequential(ReduceOps.java:921)
at java.base/java.util.stream.AbstractPipeline.evaluate(AbstractPipeline.java:234)
at java.base/java.util.stream.ReferencePipeline.collect(ReferencePipeline.java:682)
at org.openqa.selenium.SharedCapabilitiesMethods.abbreviate(SharedCapabilitiesMethods.java:117)
at org.openqa.selenium.SharedCapabilitiesMethods.toString(SharedCapabilitiesMethods.java:84)
at org.openqa.selenium.MutableCapabilities.toString(MutableCapabilities.java:141)
at java.base/java.lang.String.valueOf(String.java:4222)
at org.openqa.selenium.SharedCapabilitiesMethods.abbreviate(SharedCapabilitiesMethods.java:120)
at org.openqa.selenium.SharedCapabilitiesMethods.lambda$abbreviate$4(SharedCapabilitiesMethods.java:116)
at java.base/java.util.stream.ReferencePipeline$3$1.accept(ReferencePipeline.java:197)
at java.base/java.util.stream.SortedOps$SizedRefSortingSink.end(SortedOps.java:357)
at java.base/java.util.stream.AbstractPipeline.copyInto(AbstractPipeline.java:510)
at java.base/java.util.stream.AbstractPipeline.wrapAndCopyInto(AbstractPipeline.java:499)
at java.base/java.util.stream.ReduceOps$ReduceOp.evaluateSequential(ReduceOps.java:921)
at java.base/java.util.stream.AbstractPipeline.evaluate(AbstractPipeline.java:234)
at java.base/java.util.stream.ReferencePipeline.collect(ReferencePipeline.java:682)
at org.openqa.selenium.SharedCapabilitiesMethods.abbreviate(SharedCapabilitiesMethods.java:117)
at org.openqa.selenium.SharedCapabilitiesMethods.lambda$abbreviate$4(SharedCapabilitiesMethods.java:116)
at java.base/java.util.stream.ReferencePipeline$3$1.accept(ReferencePipeline.java:197)
at java.base/java.util.stream.SortedOps$SizedRefSortingSink.end(SortedOps.java:357)
at java.base/java.util.stream.AbstractPipeline.copyInto(AbstractPipeline.java:510)
at java.base/java.util.stream.AbstractPipeline.wrapAndCopyInto(AbstractPipeline.java:499)
at java.base/java.util.stream.ReduceOps$ReduceOp.evaluateSequential(ReduceOps.java:921)
at java.base/java.util.stream.AbstractPipeline.evaluate(AbstractPipeline.java:234)
at java.base/java.util.stream.ReferencePipeline.collect(ReferencePipeline.java:682)
at org.openqa.selenium.SharedCapabilitiesMethods.abbreviate(SharedCapabilitiesMethods.java:117)
at org.openqa.selenium.SharedCapabilitiesMethods.toString(SharedCapabilitiesMethods.java:84)
at org.openqa.selenium.MutableCapabilities.toString(MutableCapabilities.java:141)
at java.base/java.lang.String.valueOf(String.java:4222)
at org.openqa.selenium.SharedCapabilitiesMethods.abbreviate(SharedCapabilitiesMethods.java:120)
at org.openqa.selenium.SharedCapabilitiesMethods.lambda$abbreviate$4(SharedCapabilitiesMethods.java:116)
at java.base/java.util.stream.ReferencePipeline$3$1.accept(ReferencePipeline.java:197)
at java.base/java.util.stream.SortedOps$SizedRefSortingSink.end(SortedOps.java:357)
at java.base/java.util.stream.AbstractPipeline.copyInto(AbstractPipeline.java:510)
at java.base/java.util.stream.AbstractPipeline.wrapAndCopyInto(AbstractPipeline.java:499)
at java.base/java.util.stream.ReduceOps$ReduceOp.evaluateSequential(ReduceOps.java:921)
at java.base/java.util.stream.AbstractPipeline.evaluate(AbstractPipeline.java:234)
at java.base/java.util.stream.ReferencePipeline.collect(ReferencePipeline.java:682)
at org.openqa.selenium.SharedCapabilitiesMethods.abbreviate(SharedCapabilitiesMethods.java:117)
at org.openqa.selenium.SharedCapabilitiesMethods.lambda$abbreviate$4(SharedCapabilitiesMethods.java:116)
at java.base/java.util.stream.ReferencePipeline$3$1.accept(ReferencePipeline.java:197)
at java.base/java.util.stream.SortedOps$SizedRefSortingSink.end(SortedOps.java:357)
at java.base/java.util.stream.AbstractPipeline.copyInto(AbstractPipeline.java:510)
at java.base/java.util.stream.AbstractPipeline.wrapAndCopyInto(AbstractPipeline.java:499)
at java.base/java.util.stream.ReduceOps$ReduceOp.evaluateSequential(ReduceOps.java:921)
at java.base/java.util.stream.AbstractPipeline.evaluate(AbstractPipeline.java:234)
at java.base/java.util.stream.ReferencePipeline.collect(ReferencePipeline.java:682)
at org.openqa.selenium.SharedCapabilitiesMethods.abbreviate(SharedCapabilitiesMethods.java:117)
at org.openqa.selenium.SharedCapabilitiesMethods.toString(SharedCapabilitiesMethods.java:84)
at org.openqa.selenium.MutableCapabilities.toString(MutableCapabilities.java:141)
at java.base/java.lang.String.valueOf(String.java:4222)
at org.openqa.selenium.SharedCapabilitiesMethods.abbreviate(SharedCapabilitiesMethods.java:120)
at org.openqa.selenium.SharedCapabilitiesMethods.lambda$abbreviate$4(SharedCapabilitiesMethods.java:116)
at java.base/java.util.stream.ReferencePipeline$3$1.accept(ReferencePipeline.java:197)
at java.base/java.util.stream.SortedOps$SizedRefSortingSink.end(SortedOps.java:357)
at java.base/java.util.stream.AbstractPipeline.copyInto(AbstractPipeline.java:510)
at java.base/java.util.stream.AbstractPipeline.wrapAndCopyInto(AbstractPipeline.java:499)
at java.base/java.util.stream.ReduceOps$ReduceOp.evaluateSequential(ReduceOps.java:921)
at java.base/java.util.stream.AbstractPipeline.evaluate(AbstractPipeline.java:234)
at java.base/java.util.stream.ReferencePipeline.collect(ReferencePipeline.java:682)
at org.openqa.selenium.SharedCapabilitiesMethods.abbreviate(SharedCapabilitiesMethods.java:117)
at org.openqa.selenium.SharedCapabilitiesMethods.lambda$abbreviate$4(SharedCapabilitiesMethods.java:116)
at java.base/java.util.stream.ReferencePipeline$3$1.accept(ReferencePipeline.java:197)
at java.base/java.util.stream.SortedOps$SizedRefSortingSink.end(SortedOps.java:357)
at java.base/java.util.stream.AbstractPipeline.copyInto(AbstractPipeline.java:510)
at java.base/java.util.stream.AbstractPipeline.wrapAndCopyInto(AbstractPipeline.java:499)
at java.base/java.util.stream.ReduceOps$ReduceOp.evaluateSequential(ReduceOps.java:921)
at java.base/java.util.stream.AbstractPipeline.evaluate(AbstractPipeline.java:234)
at java.base/java.util.stream.ReferencePipeline.collect(ReferencePipeline.java:682)
at org.openqa.selenium.SharedCapabilitiesMethods.abbreviate(SharedCapabilitiesMethods.java:117)
at org.openqa.selenium.SharedCapabilitiesMethods.toString(SharedCapabilitiesMethods.java:84)
at org.openqa.selenium.MutableCapabilities.toString(MutableCapabilities.java:141)
at java.base/java.lang.String.valueOf(String.java:4222)
at org.openqa.selenium.SharedCapabilitiesMethods.abbreviate(SharedCapabilitiesMethods.java:120)
at org.openqa.selenium.SharedCapabilitiesMethods.lambda$abbreviate$4(SharedCapabilitiesMethods.java:116)
at java.base/java.util.stream.ReferencePipeline$3$1.accept(ReferencePipeline.java:197)
at java.base/java.util.stream.SortedOps$SizedRefSortingSink.end(SortedOps.java:357)
at java.base/java.util.stream.AbstractPipeline.copyInto(AbstractPipeline.java:510)
at java.base/java.util.stream.AbstractPipeline.wrapAndCopyInto(AbstractPipeline.java:499)
at java.base/java.util.stream.ReduceOps$ReduceOp.evaluateSequential(ReduceOps.java:921)
at java.base/java.util.stream.AbstractPipeline.evaluate(AbstractPipeline.java:234)
at java.base/java.util.stream.ReferencePipeline.collect(ReferencePipeline.java:682)
at org.openqa.selenium.SharedCapabilitiesMethods.abbreviate(SharedCapabilitiesMethods.java:117)
at org.openqa.selenium.SharedCapabilitiesMethods.lambda$abbreviate$4(SharedCapabilitiesMethods.java:116)
at java.base/java.util.stream.ReferencePipeline$3$1.accept(ReferencePipeline.java:197)
at java.base/java.util.stream.SortedOps$SizedRefSortingSink.end(SortedOps.java:357)
at java.base/java.util.stream.AbstractPipeline.copyInto(AbstractPipeline.java:510)
at java.base/java.util.stream.AbstractPipeline.wrapAndCopyInto(AbstractPipeline.java:499)
at java.base/java.util.stream.ReduceOps$ReduceOp.evaluateSequential(ReduceOps.java:921)
at java.base/java.util.stream.AbstractPipeline.evaluate(AbstractPipeline.java:234)
at java.base/java.util.stream.ReferencePipeline.collect(ReferencePipeline.java:682)
at org.openqa.selenium.SharedCapabilitiesMethods.abbreviate(SharedCapabilitiesMethods.java:117)
at org.openqa.selenium.SharedCapabilitiesMethods.toString(SharedCapabilitiesMethods.java:84)
at org.openqa.selenium.MutableCapabilities.toString(MutableCapabilities.java:141)
at java.base/java.lang.String.valueOf(String.java:4222)
at org.openqa.selenium.SharedCapabilitiesMethods.abbreviate(SharedCapabilitiesMethods.java:120)
at org.openqa.selenium.SharedCapabilitiesMethods.lambda$abbreviate$4(SharedCapabilitiesMethods.java:116)
at java.base/java.util.stream.ReferencePipeline$3$1.accept(ReferencePipeline.java:197)
at java.base/java.util.stream.SortedOps$SizedRefSortingSink.end(SortedOps.java:357)
at java.base/java.util.stream.AbstractPipeline.copyInto(AbstractPipeline.java:510)
at java.base/java.util.stream.AbstractPipeline.wrapAndCopyInto(AbstractPipeline.java:499)
at java.base/java.util.stream.ReduceOps$ReduceOp.evaluateSequential(ReduceOps.java:921)
at java.base/java.util.stream.AbstractPipeline.evaluate(AbstractPipeline.java:234)
at java.base/java.util.stream.ReferencePipeline.collect(ReferencePipeline.java:682)
at org.openqa.selenium.SharedCapabilitiesMethods.abbreviate(SharedCapabilitiesMethods.java:117)
at org.openqa.selenium.SharedCapabilitiesMethods.lambda$abbreviate$4(SharedCapabilitiesMethods.java:116)
at java.base/java.util.stream.ReferencePipeline$3$1.accept(ReferencePipeline.java:197)
at java.base/java.util.stream.SortedOps$SizedRefSortingSink.end(SortedOps.java:357)
at java.base/java.util.stream.AbstractPipeline.copyInto(AbstractPipeline.java:510)
at java.base/java.util.stream.AbstractPipeline.wrapAndCopyInto(AbstractPipeline.java:499)
at java.base/java.util.stream.ReduceOps$ReduceOp.evaluateSequential(ReduceOps.java:921)
at java.base/java.util.stream.AbstractPipeline.evaluate(AbstractPipeline.java:234)
at java.base/java.util.stream.ReferencePipeline.collect(ReferencePipeline.java:682)
at org.openqa.selenium.SharedCapabilitiesMethods.abbreviate(SharedCapabilitiesMethods.java:117)
at org.openqa.selenium.SharedCapabilitiesMethods.toString(SharedCapabilitiesMethods.java:84)
at org.openqa.selenium.MutableCapabilities.toString(MutableCapabilities.java:141)
at java.base/java.lang.String.valueOf(String.java:4222)
at org.openqa.selenium.SharedCapabilitiesMethods.abbreviate(SharedCapabilitiesMethods.java:120)
at org.openqa.selenium.SharedCapabilitiesMethods.lambda$abbreviate$4(SharedCapabilitiesMethods.java:116)
at java.base/java.util.stream.ReferencePipeline$3$1.accept(ReferencePipeline.java:197)
at java.base/java.util.stream.SortedOps$SizedRefSortingSink.end(SortedOps.java:357)
at java.base/java.util.stream.AbstractPipeline.copyInto(AbstractPipeline.java:510)
at java.base/java.util.stream.AbstractPipeline.wrapAndCopyInto(AbstractPipeline.java:499)
at java.base/java.util.stream.ReduceOps$ReduceOp.evaluateSequential(ReduceOps.java:921)
at java.base/java.util.stream.AbstractPipeline.evaluate(AbstractPipeline.java:234)
at java.base/java.util.stream.ReferencePipeline.collect(ReferencePipeline.java:682)
at org.openqa.selenium.SharedCapabilitiesMethods.abbreviate(SharedCapabilitiesMethods.java:117)
at org.openqa.selenium.SharedCapabilitiesMethods.lambda$abbreviate$4(SharedCapabilitiesMethods.java:116)
at java.base/java.util.stream.ReferencePipeline$3$1.accept(ReferencePipeline.java:197)
at java.base/java.util.stream.SortedOps$SizedRefSortingSink.end(SortedOps.java:357)
at java.base/java.util.stream.AbstractPipeline.copyInto(AbstractPipeline.java:510)
at java.base/java.util.stream.AbstractPipeline.wrapAndCopyInto(AbstractPipeline.java:499)
at java.base/java.util.stream.ReduceOps$ReduceOp.evaluateSequential(ReduceOps.java:921)
at java.base/java.util.stream.AbstractPipeline.evaluate(AbstractPipeline.java:234)
at java.base/java.util.stream.ReferencePipeline.collect(ReferencePipeline.java:682)
at org.openqa.selenium.SharedCapabilitiesMethods.abbreviate(SharedCapabilitiesMethods.java:117)
at org.openqa.selenium.SharedCapabilitiesMethods.toString(SharedCapabilitiesMethods.java:84)
at org.openqa.selenium.MutableCapabilities.toString(MutableCapabilities.java:141)
at java.base/java.lang.String.valueOf(String.java:4222)
at org.openqa.selenium.SharedCapabilitiesMethods.abbreviate(SharedCapabilitiesMethods.java:120)
at org.openqa.selenium.SharedCapabilitiesMethods.lambda$abbreviate$4(SharedCapabilitiesMethods.java:116)
at java.base/java.util.stream.ReferencePipeline$3$1.accept(ReferencePipeline.java:197)
at java.base/java.util.stream.SortedOps$SizedRefSortingSink.end(SortedOps.java:357)
at java.base/java.util.stream.AbstractPipeline.copyInto(AbstractPipeline.java:510)
at java.base/java.util.stream.AbstractPipeline.wrapAndCopyInto(AbstractPipeline.java:499)
at java.base/java.util.stream.ReduceOps$ReduceOp.evaluateSequential(ReduceOps.java:921)
at java.base/java.util.stream.AbstractPipeline.evaluate(AbstractPipeline.java:234)
at java.base/java.util.stream.ReferencePipeline.collect(ReferencePipeline.java:682)
at org.openqa.selenium.SharedCapabilitiesMethods.abbreviate(SharedCapabilitiesMethods.java:117)
at org.openqa.selenium.SharedCapabilitiesMethods.lambda$abbreviate$4(SharedCapabilitiesMethods.java:116)
at java.base/java.util.stream.ReferencePipeline$3$1.accept(ReferencePipeline.java:197)
at java.base/java.util.stream.SortedOps$SizedRefSortingSink.end(SortedOps.java:357)
at java.base/java.util.stream.AbstractPipeline.copyInto(AbstractPipeline.java:510)
at java.base/java.util.stream.AbstractPipeline.wrapAndCopyInto(AbstractPipeline.java:499)
at java.base/java.util.stream.ReduceOps$ReduceOp.evaluateSequential(ReduceOps.java:921)
at java.base/java.util.stream.AbstractPipeline.evaluate(AbstractPipeline.java:234)
at java.base/java.util.stream.ReferencePipeline.collect(ReferencePipeline.java:682)
at org.openqa.selenium.SharedCapabilitiesMethods.abbreviate(SharedCapabilitiesMethods.java:117)
at org.openqa.selenium.SharedCapabilitiesMethods.toString(SharedCapabilitiesMethods.java:84)
at org.openqa.selenium.MutableCapabilities.toString(MutableCapabilities.java:141)
at java.base/java.lang.String.valueOf(String.java:4222)
at org.openqa.selenium.SharedCapabilitiesMethods.abbreviate(SharedCapabilitiesMethods.java:120)
at org.openqa.selenium.SharedCapabilitiesMethods.lambda$abbreviate$4(SharedCapabilitiesMethods.java:116)
at java.base/java.util.stream.ReferencePipeline$3$1.accept(ReferencePipeline.java:197)
at java.base/java.util.stream.SortedOps$SizedRefSortingSink.end(SortedOps.java:357)
at java.base/java.util.stream.AbstractPipeline.copyInto(AbstractPipeline.java:510)
at java.base/java.util.stream.AbstractPipeline.wrapAndCopyInto(AbstractPipeline.java:499)
at java.base/java.util.stream.ReduceOps$ReduceOp.evaluateSequential(ReduceOps.java:921)
at java.base/java.util.stream.AbstractPipeline.evaluate(AbstractPipeline.java:234)
at java.base/java.util.stream.ReferencePipeline.collect(ReferencePipeline.java:682)
at org.openqa.selenium.SharedCapabilitiesMethods.abbreviate(SharedCapabilitiesMethods.java:117)
at org.openqa.selenium.SharedCapabilitiesMethods.lambda$abbreviate$4(SharedCapabilitiesMethods.java:116)
at java.base/java.util.stream.ReferencePipeline$3$1.accept(ReferencePipeline.java:197)
at java.base/java.util.stream.SortedOps$SizedRefSortingSink.end(SortedOps.java:357)
at java.base/java.util.stream.AbstractPipeline.copyInto(AbstractPipeline.java:510)
at java.base/java.util.stream.AbstractPipeline.wrapAndCopyInto(AbstractPipeline.java:499)
at java.base/java.util.stream.ReduceOps$ReduceOp.evaluateSequential(ReduceOps.java:921)
at java.base/java.util.stream.AbstractPipeline.evaluate(AbstractPipeline.java:234)
at java.base/java.util.stream.ReferencePipeline.collect(ReferencePipeline.java:682)
at org.openqa.selenium.SharedCapabilitiesMethods.abbreviate(SharedCapabilitiesMethods.java:117)
at org.openqa.selenium.SharedCapabilitiesMethods.toString(SharedCapabilitiesMethods.java:84)
at org.openqa.selenium.MutableCapabilities.toString(MutableCapabilities.java:141)
at java.base/java.lang.String.valueOf(String.java:4222)
at org.openqa.selenium.SharedCapabilitiesMethods.abbreviate(SharedCapabilitiesMethods.java:120)
at org.openqa.selenium.SharedCapabilitiesMethods.lambda$abbreviate$4(SharedCapabilitiesMethods.java:116)
at java.base/java.util.stream.ReferencePipeline$3$1.accept(ReferencePipeline.java:197)
at java.base/java.util.stream.SortedOps$SizedRefSortingSink.end(SortedOps.java:357)
at java.base/java.util.stream.AbstractPipeline.copyInto(AbstractPipeline.java:510)
at java.base/java.util.stream.AbstractPipeline.wrapAndCopyInto(AbstractPipeline.java:499)
at java.base/java.util.stream.ReduceOps$ReduceOp.evaluateSequential(ReduceOps.java:921)
at java.base/java.util.stream.AbstractPipeline.evaluate(AbstractPipeline.java:234)
at java.base/java.util.stream.ReferencePipeline.collect(ReferencePipeline.java:682)
at org.openqa.selenium.SharedCapabilitiesMethods.abbreviate(SharedCapabilitiesMethods.java:117)
at org.openqa.selenium.SharedCapabilitiesMethods.lambda$abbreviate$4(SharedCapabilitiesMethods.java:116)
at java.base/java.util.stream.ReferencePipeline$3$1.accept(ReferencePipeline.java:197)
at java.base/java.util.stream.SortedOps$SizedRefSortingSink.end(SortedOps.java:357)
at java.base/java.util.stream.AbstractPipeline.copyInto(AbstractPipeline.java:510)
at java.base/java.util.stream.AbstractPipeline.wrapAndCopyInto(AbstractPipeline.java:499)
at java.base/java.util.stream.ReduceOps$ReduceOp.evaluateSequential(ReduceOps.java:921)
at java.base/java.util.stream.AbstractPipeline.evaluate(AbstractPipeline.java:234)
at java.base/java.util.stream.ReferencePipeline.collect(ReferencePipeline.java:682)
at org.openqa.selenium.SharedCapabilitiesMethods.abbreviate(SharedCapabilitiesMethods.java:117)
at org.openqa.selenium.SharedCapabilitiesMethods.toString(SharedCapabilitiesMethods.java:84)
at org.openqa.selenium.MutableCapabilities.toString(MutableCapabilities.java:141)
at java.base/java.lang.String.valueOf(String.java:4222)
at org.openqa.selenium.SharedCapabilitiesMethods.abbreviate(SharedCapabilitiesMethods.java:120)
at org.openqa.selenium.SharedCapabilitiesMethods.lambda$abbreviate$4(SharedCapabilitiesMethods.java:116)
at java.base/java.util.stream.ReferencePipeline$3$1.accept(ReferencePipeline.java:197)
at java.base/java.util.stream.SortedOps$SizedRefSortingSink.end(SortedOps.java:357)
at java.base/java.util.stream.AbstractPipeline.copyInto(AbstractPipeline.java:510)
at java.base/java.util.stream.AbstractPipeline.wrapAndCopyInto(AbstractPipeline.java:499)
at java.base/java.util.stream.ReduceOps$ReduceOp.evaluateSequential(ReduceOps.java:921)
at java.base/java.util.stream.AbstractPipeline.evaluate(AbstractPipeline.java:234)
at java.base/java.util.stream.ReferencePipeline.collect(ReferencePipeline.java:682)
at org.openqa.selenium.SharedCapabilitiesMethods.abbreviate(SharedCapabilitiesMethods.java:117)
at org.openqa.selenium.SharedCapabilitiesMethods.lambda$abbreviate$4(SharedCapabilitiesMethods.java:116)
at java.base/java.util.stream.ReferencePipeline$3$1.accept(ReferencePipeline.java:197)
at java.base/java.util.stream.SortedOps$SizedRefSortingSink.end(SortedOps.java:357)
at java.base/java.util.stream.AbstractPipeline.copyInto(AbstractPipeline.java:510)
at java.base/java.util.stream.AbstractPipeline.wrapAndCopyInto(AbstractPipeline.java:499)
at java.base/java.util.stream.ReduceOps$ReduceOp.evaluateSequential(ReduceOps.java:921)
at java.base/java.util.stream.AbstractPipeline.evaluate(AbstractPipeline.java:234)
at java.base/java.util.stream.ReferencePipeline.collect(ReferencePipeline.java:682)
at org.openqa.selenium.SharedCapabilitiesMethods.abbreviate(SharedCapabilitiesMethods.java:117)
at org.openqa.selenium.SharedCapabilitiesMethods.toString(SharedCapabilitiesMethods.java:84)
at org.openqa.selenium.MutableCapabilities.toString(MutableCapabilities.java:141)
at java.base/java.lang.String.valueOf(String.java:4222)
at org.openqa.selenium.SharedCapabilitiesMethods.abbreviate(SharedCapabilitiesMethods.java:120)
at org.openqa.selenium.SharedCapabilitiesMethods.lambda$abbreviate$4(SharedCapabilitiesMethods.java:116)
at java.base/java.util.stream.ReferencePipeline$3$1.accept(ReferencePipeline.java:197)
at java.base/java.util.stream.SortedOps$SizedRefSortingSink.end(SortedOps.java:357)
at java.base/java.util.stream.AbstractPipeline.copyInto(AbstractPipeline.java:510)
at java.base/java.util.stream.AbstractPipeline.wrapAndCopyInto(AbstractPipeline.java:499)
at java.base/java.util.stream.ReduceOps$ReduceOp.evaluateSequential(ReduceOps.java:921)
at java.base/java.util.stream.AbstractPipeline.evaluate(AbstractPipeline.java:234)
at java.base/java.util.stream.ReferencePipeline.collect(ReferencePipeline.java:682)
at org.openqa.selenium.SharedCapabilitiesMethods.abbreviate(SharedCapabilitiesMethods.java:117)
at org.openqa.selenium.SharedCapabilitiesMethods.lambda$abbreviate$4(SharedCapabilitiesMethods.java:116)
at java.base/java.util.stream.ReferencePipeline$3$1.accept(ReferencePipeline.java:197)
at java.base/java.util.stream.SortedOps$SizedRefSortingSink.end(SortedOps.java:357)
at java.base/java.util.stream.AbstractPipeline.copyInto(AbstractPipeline.java:510)
at java.base/java.util.stream.AbstractPipeline.wrapAndCopyInto(AbstractPipeline.java:499)
at java.base/java.util.stream.ReduceOps$ReduceOp.evaluateSequential(ReduceOps.java:921)
at java.base/java.util.stream.AbstractPipeline.evaluate(AbstractPipeline.java:234)
at java.base/java.util.stream.ReferencePipeline.collect(ReferencePipeline.java:682)
at org.openqa.selenium.SharedCapabilitiesMethods.abbreviate(SharedCapabilitiesMethods.java:117)
at org.openqa.selenium.SharedCapabilitiesMethods.toString(SharedCapabilitiesMethods.java:84)
at org.openqa.selenium.MutableCapabilities.toString(MutableCapabilities.java:141)
at java.base/java.lang.String.valueOf(String.java:4222)
at org.openqa.selenium.SharedCapabilitiesMethods.abbreviate(SharedCapabilitiesMethods.java:120)
at org.openqa.selenium.SharedCapabilitiesMethods.lambda$abbreviate$4(SharedCapabilitiesMethods.java:116)
at java.base/java.util.stream.ReferencePipeline$3$1.accept(ReferencePipeline.java:197)
at java.base/java.util.stream.SortedOps$SizedRefSortingSink.end(SortedOps.java:357)
at java.base/java.util.stream.AbstractPipeline.copyInto(AbstractPipeline.java:510)
at java.base/java.util.stream.AbstractPipeline.wrapAndCopyInto(AbstractPipeline.java:499)
at java.base/java.util.stream.ReduceOps$ReduceOp.evaluateSequential(ReduceOps.java:921)
at java.base/java.util.stream.AbstractPipeline.evaluate(AbstractPipeline.java:234)
at java.base/java.util.stream.ReferencePipeline.collect(ReferencePipeline.java:682)
at org.openqa.selenium.SharedCapabilitiesMethods.abbreviate(SharedCapabilitiesMethods.java:117)
at org.openqa.selenium.SharedCapabilitiesMethods.lambda$abbreviate$4(SharedCapabilitiesMethods.java:116)
at java.base/java.util.stream.ReferencePipeline$3$1.accept(ReferencePipeline.java:197)
at java.base/java.util.stream.SortedOps$SizedRefSortingSink.end(SortedOps.java:357)
at java.base/java.util.stream.AbstractPipeline.copyInto(AbstractPipeline.java:510)
at java.base/java.util.stream.AbstractPipeline.wrapAndCopyInto(AbstractPipeline.java:499)
at java.base/java.util.stream.ReduceOps$ReduceOp.evaluateSequential(ReduceOps.java:921)
at java.base/java.util.stream.AbstractPipeline.evaluate(AbstractPipeline.java:234)
at java.base/java.util.stream.ReferencePipeline.collect(ReferencePipeline.java:682)
at org.openqa.selenium.SharedCapabilitiesMethods.abbreviate(SharedCapabilitiesMethods.java:117)
at org.openqa.selenium.SharedCapabilitiesMethods.toString(SharedCapabilitiesMethods.java:84)
at org.openqa.selenium.MutableCapabilities.toString(MutableCapabilities.java:141)
at java.base/java.lang.String.valueOf(String.java:4222)
at org.openqa.selenium.SharedCapabilitiesMethods.abbreviate(SharedCapabilitiesMethods.java:120)
at org.openqa.selenium.SharedCapabilitiesMethods.lambda$abbreviate$4(SharedCapabilitiesMethods.java:116)
at java.base/java.util.stream.ReferencePipeline$3$1.accept(ReferencePipeline.java:197)
at java.base/java.util.stream.SortedOps$SizedRefSortingSink.end(SortedOps.java:357)
at java.base/java.util.stream.AbstractPipeline.copyInto(AbstractPipeline.java:510)
at java.base/java.util.stream.AbstractPipeline.wrapAndCopyInto(AbstractPipeline.java:499)
at java.base/java.util.stream.ReduceOps$ReduceOp.evaluateSequential(ReduceOps.java:921)
at java.base/java.util.stream.AbstractPipeline.evaluate(AbstractPipeline.java:234)
at java.base/java.util.stream.ReferencePipeline.collect(ReferencePipeline.java:682)
at org.openqa.selenium.SharedCapabilitiesMethods.abbreviate(SharedCapabilitiesMethods.java:117)
at org.openqa.selenium.SharedCapabilitiesMethods.lambda$abbreviate$4(SharedCapabilitiesMethods.java:116)
at java.base/java.util.stream.ReferencePipeline$3$1.accept(ReferencePipeline.java:197)
at java.base/java.util.stream.SortedOps$SizedRefSortingSink.end(SortedOps.java:357)
at java.base/java.util.stream.AbstractPipeline.copyInto(AbstractPipeline.java:510)
at java.base/java.util.stream.AbstractPipeline.wrapAndCopyInto(AbstractPipeline.java:499)
at java.base/java.util.stream.ReduceOps$ReduceOp.evaluateSequential(ReduceOps.java:921)
at java.base/java.util.stream.AbstractPipeline.evaluate(AbstractPipeline.java:234)
at java.base/java.util.stream.ReferencePipeline.collect(ReferencePipeline.java:682)
at org.openqa.selenium.SharedCapabilitiesMethods.abbreviate(SharedCapabilitiesMethods.java:117)
at org.openqa.selenium.SharedCapabilitiesMethods.toString(SharedCapabilitiesMethods.java:84)
at org.openqa.selenium.MutableCapabilities.toString(MutableCapabilities.java:141)
at java.base/java.lang.String.valueOf(String.java:4222)
at org.openqa.selenium.SharedCapabilitiesMethods.abbreviate(SharedCapabilitiesMethods.java:120)
at org.openqa.selenium.SharedCapabilitiesMethods.lambda$abbreviate$4(SharedCapabilitiesMethods.java:116)
at java.base/java.util.stream.ReferencePipeline$3$1.accept(ReferencePipeline.java:197)
at java.base/java.util.stream.SortedOps$SizedRefSortingSink.end(SortedOps.java:357)
at java.base/java.util.stream.AbstractPipeline.copyInto(AbstractPipeline.java:510)
at java.base/java.util.stream.AbstractPipeline.wrapAndCopyInto(AbstractPipeline.java:499)
at java.base/java.util.stream.ReduceOps$ReduceOp.evaluateSequential(ReduceOps.java:921)
at java.base/java.util.stream.AbstractPipeline.evaluate(AbstractPipeline.java:234)
at java.base/java.util.stream.ReferencePipeline.collect(ReferencePipeline.java:682)
at org.openqa.selenium.SharedCapabilitiesMethods.abbreviate(SharedCapabilitiesMethods.java:117)
at org.openqa.selenium.SharedCapabilitiesMethods.lambda$abbreviate$4(SharedCapabilitiesMethods.java:116)
at java.base/java.util.stream.ReferencePipeline$3$1.accept(ReferencePipeline.java:197)
at java.base/java.util.stream.SortedOps$SizedRefSortingSink.end(SortedOps.java:357)
at java.base/java.util.stream.AbstractPipeline.copyInto(AbstractPipeline.java:510)
at java.base/java.util.stream.AbstractPipeline.wrapAndCopyInto(AbstractPipeline.java:499)
at java.base/java.util.stream.ReduceOps$ReduceOp.evaluateSequential(ReduceOps.java:921)
at java.base/java.util.stream.AbstractPipeline.evaluate(AbstractPipeline.java:234)
at java.base/java.util.stream.ReferencePipeline.collect(ReferencePipeline.java:682)
at org.openqa.selenium.SharedCapabilitiesMethods.abbreviate(SharedCapabilitiesMethods.java:117)
at org.openqa.selenium.SharedCapabilitiesMethods.toString(SharedCapabilitiesMethods.java:84)
at org.openqa.selenium.MutableCapabilities.toString(MutableCapabilities.java:141)
at java.base/java.lang.String.valueOf(String.java:4222)
at org.openqa.selenium.SharedCapabilitiesMethods.abbreviate(SharedCapabilitiesMethods.java:120)
at org.openqa.selenium.SharedCapabilitiesMethods.lambda$abbreviate$4(SharedCapabilitiesMethods.java:116)
at java.base/java.util.stream.ReferencePipeline$3$1.accept(ReferencePipeline.java:197)
at java.base/java.util.stream.SortedOps$SizedRefSortingSink.end(SortedOps.java:357)
at java.base/java.util.stream.AbstractPipeline.copyInto(AbstractPipeline.java:510)
at java.base/java.util.stream.AbstractPipeline.wrapAndCopyInto(AbstractPipeline.java:499)
at java.base/java.util.stream.ReduceOps$ReduceOp.evaluateSequential(ReduceOps.java:921)
at java.base/java.util.stream.AbstractPipeline.evaluate(AbstractPipeline.java:234)
at java.base/java.util.stream.ReferencePipeline.collect(ReferencePipeline.java:682)
at org.openqa.selenium.SharedCapabilitiesMethods.abbreviate(SharedCapabilitiesMethods.java:117)
at org.openqa.selenium.SharedCapabilitiesMethods.lambda$abbreviate$4(SharedCapabilitiesMethods.java:116)
at java.base/java.util.stream.ReferencePipeline$3$1.accept(ReferencePipeline.java:197)
at java.base/java.util.stream.SortedOps$SizedRefSortingSink.end(SortedOps.java:357)
at java.base/java.util.stream.AbstractPipeline.copyInto(AbstractPipeline.java:510)
at java.base/java.util.stream.AbstractPipeline.wrapAndCopyInto(AbstractPipeline.java:499)
at java.base/java.util.stream.ReduceOps$ReduceOp.evaluateSequential(ReduceOps.java:921)
at java.base/java.util.stream.AbstractPipeline.evaluate(AbstractPipeline.java:234)
at java.base/java.util.stream.ReferencePipeline.collect(ReferencePipeline.java:682)
at org.openqa.selenium.SharedCapabilitiesMethods.abbreviate(SharedCapabilitiesMethods.java:117)
at org.openqa.selenium.SharedCapabilitiesMethods.toString(SharedCapabilitiesMethods.java:84)
at org.openqa.selenium.MutableCapabilities.toString(MutableCapabilities.java:141)
at java.base/java.lang.String.valueOf(String.java:4222)
at org.openqa.selenium.SharedCapabilitiesMethods.abbreviate(SharedCapabilitiesMethods.java:120)
at org.openqa.selenium.SharedCapabilitiesMethods.lambda$abbreviate$4(SharedCapabilitiesMethods.java:116)
at java.base/java.util.stream.ReferencePipeline$3$1.accept(ReferencePipeline.java:197)
at java.base/java.util.stream.SortedOps$SizedRefSortingSink.end(SortedOps.java:357)
at java.base/java.util.stream.AbstractPipeline.copyInto(AbstractPipeline.java:510)
at java.base/java.util.stream.AbstractPipeline.wrapAndCopyInto(AbstractPipeline.java:499)
at java.base/java.util.stream.ReduceOps$ReduceOp.evaluateSequential(ReduceOps.java:921)
at java.base/java.util.stream.AbstractPipeline.evaluate(AbstractPipeline.java:234)
at java.base/java.util.stream.ReferencePipeline.collect(ReferencePipeline.java:682)
at org.openqa.selenium.SharedCapabilitiesMethods.abbreviate(SharedCapabilitiesMethods.java:117)
at org.openqa.selenium.SharedCapabilitiesMethods.lambda$abbreviate$4(SharedCapabilitiesMethods.java:116)
at java.base/java.util.stream.ReferencePipeline$3$1.accept(ReferencePipeline.java:197)
at java.base/java.util.stream.SortedOps$SizedRefSortingSink.end(SortedOps.java:357)
at java.base/java.util.stream.AbstractPipeline.copyInto(AbstractPipeline.java:510)
at java.base/java.util.stream.AbstractPipeline.wrapAndCopyInto(AbstractPipeline.java:499)
at java.base/java.util.stream.ReduceOps$ReduceOp.evaluateSequential(ReduceOps.java:921)
at java.base/java.util.stream.AbstractPipeline.evaluate(AbstractPipeline.java:234)
at java.base/java.util.stream.ReferencePipeline.collect(ReferencePipeline.java:682)
at org.openqa.selenium.SharedCapabilitiesMethods.abbreviate(SharedCapabilitiesMethods.java:117)
at org.openqa.selenium.SharedCapabilitiesMethods.toString(SharedCapabilitiesMethods.java:84)
at org.openqa.selenium.MutableCapabilities.toString(MutableCapabilities.java:141)
at java.base/java.lang.String.valueOf(String.java:4222)
at org.openqa.selenium.SharedCapabilitiesMethods.abbreviate(SharedCapabilitiesMethods.java:120)
at org.openqa.selenium.SharedCapabilitiesMethods.lambda$abbreviate$4(SharedCapabilitiesMethods.java:116)
at java.base/java.util.stream.ReferencePipeline$3$1.accept(ReferencePipeline.java:197)
at java.base/java.util.stream.SortedOps$SizedRefSortingSink.end(SortedOps.java:357)
at java.base/java.util.stream.AbstractPipeline.copyInto(AbstractPipeline.java:510)
at java.base/java.util.stream.AbstractPipeline.wrapAndCopyInto(AbstractPipeline.java:499)
at java.base/java.util.stream.ReduceOps$ReduceOp.evaluateSequential(ReduceOps.java:921)
at java.base/java.util.stream.AbstractPipeline.evaluate(AbstractPipeline.java:234)
at java.base/java.util.stream.ReferencePipeline.collect(ReferencePipeline.java:682)
at org.openqa.selenium.SharedCapabilitiesMethods.abbreviate(SharedCapabilitiesMethods.java:117)
at org.openqa.selenium.SharedCapabilitiesMethods.lambda$abbreviate$4(SharedCapabilitiesMethods.java:116)
at java.base/java.util.stream.ReferencePipeline$3$1.accept(ReferencePipeline.java:197)
at java.base/java.util.stream.SortedOps$SizedRefSortingSink.end(SortedOps.java:357)
at java.base/java.util.stream.AbstractPipeline.copyInto(AbstractPipeline.java:510)
at java.base/java.util.stream.AbstractPipeline.wrapAndCopyInto(AbstractPipeline.java:499)
at java.base/java.util.stream.ReduceOps$ReduceOp.evaluateSequential(ReduceOps.java:921)
at java.base/java.util.stream.AbstractPipeline.evaluate(AbstractPipeline.java:234)
at java.base/java.util.stream.ReferencePipeline.collect(ReferencePipeline.java:682)
at org.openqa.selenium.SharedCapabilitiesMethods.abbreviate(SharedCapabilitiesMethods.java:117)
at org.openqa.selenium.SharedCapabilitiesMethods.toString(SharedCapabilitiesMethods.java:84)
at org.openqa.selenium.MutableCapabilities.toString(MutableCapabilities.java:141)
at java.base/java.lang.String.valueOf(String.java:4222)
at org.openqa.selenium.SharedCapabilitiesMethods.abbreviate(SharedCapabilitiesMethods.java:120)
at org.openqa.selenium.SharedCapabilitiesMethods.lambda$abbreviate$4(SharedCapabilitiesMethods.java:116)
at java.base/java.util.stream.ReferencePipeline$3$1.accept(ReferencePipeline.java:197)
at java.base/java.util.stream.SortedOps$SizedRefSortingSink.end(SortedOps.java:357)
at java.base/java.util.stream.AbstractPipeline.copyInto(AbstractPipeline.java:510)
at java.base/java.util.stream.AbstractPipeline.wrapAndCopyInto(AbstractPipeline.java:499)
at java.base/java.util.stream.ReduceOps$ReduceOp.evaluateSequential(ReduceOps.java:921)
at java.base/java.util.stream.AbstractPipeline.evaluate(AbstractPipeline.java:234)
at java.base/java.util.stream.ReferencePipeline.collect(ReferencePipeline.java:682)
at org.openqa.selenium.SharedCapabilitiesMethods.abbreviate(SharedCapabilitiesMethods.java:117)
at org.openqa.selenium.SharedCapabilitiesMethods.lambda$abbreviate$4(SharedCapabilitiesMethods.java:116)
at java.base/java.util.stream.ReferencePipeline$3$1.accept(ReferencePipeline.java:197)
at java.base/java.util.stream.SortedOps$SizedRefSortingSink.end(SortedOps.java:357)
at java.base/java.util.stream.AbstractPipeline.copyInto(AbstractPipeline.java:510)
at java.base/java.util.stream.AbstractPipeline.wrapAndCopyInto(AbstractPipeline.java:499)
at java.base/java.util.stream.ReduceOps$ReduceOp.evaluateSequential(ReduceOps.java:921)
at java.base/java.util.stream.AbstractPipeline.evaluate(AbstractPipeline.java:234)
at java.base/java.util.stream.ReferencePipeline.collect(ReferencePipeline.java:682)
at org.openqa.selenium.SharedCapabilitiesMethods.abbreviate(SharedCapabilitiesMethods.java:117)
at org.openqa.selenium.SharedCapabilitiesMethods.toString(SharedCapabilitiesMethods.java:84)
at org.openqa.selenium.MutableCapabilities.toString(MutableCapabilities.java:141)
at java.base/java.lang.String.valueOf(String.java:4222)
at org.openqa.selenium.SharedCapabilitiesMethods.abbreviate(SharedCapabilitiesMethods.java:120)
at org.openqa.selenium.SharedCapabilitiesMethods.lambda$abbreviate$4(SharedCapabilitiesMethods.java:116)
at java.base/java.util.stream.ReferencePipeline$3$1.accept(ReferencePipeline.java:197)
at java.base/java.util.stream.SortedOps$SizedRefSortingSink.end(SortedOps.java:357)
at java.base/java.util.stream.AbstractPipeline.copyInto(AbstractPipeline.java:510)
at java.base/java.util.stream.AbstractPipeline.wrapAndCopyInto(AbstractPipeline.java:499)
at java.base/java.util.stream.ReduceOps$ReduceOp.evaluateSequential(ReduceOps.java:921)
at java.base/java.util.stream.AbstractPipeline.evaluate(AbstractPipeline.java:234)
at java.base/java.util.stream.ReferencePipeline.collect(ReferencePipeline.java:682)
at org.openqa.selenium.SharedCapabilitiesMethods.abbreviate(SharedCapabilitiesMethods.java:117)
at org.openqa.selenium.SharedCapabilitiesMethods.lambda$abbreviate$4(SharedCapabilitiesMethods.java:116)
at java.base/java.util.stream.ReferencePipeline$3$1.accept(ReferencePipeline.java:197)
at java.base/java.util.stream.SortedOps$SizedRefSortingSink.end(SortedOps.java:357)
at java.base/java.util.stream.AbstractPipeline.copyInto(AbstractPipeline.java:510)
at java.base/java.util.stream.AbstractPipeline.wrapAndCopyInto(AbstractPipeline.java:499)
at java.base/java.util.stream.ReduceOps$ReduceOp.evaluateSequential(ReduceOps.java:921)
at java.base/java.util.stream.AbstractPipeline.evaluate(AbstractPipeline.java:234)
at java.base/java.util.stream.ReferencePipeline.collect(ReferencePipeline.java:682)
at org.openqa.selenium.SharedCapabilitiesMethods.abbreviate(SharedCapabilitiesMethods.java:117)
at org.openqa.selenium.SharedCapabilitiesMethods.toString(SharedCapabilitiesMethods.java:84)
at org.openqa.selenium.MutableCapabilities.toString(MutableCapabilities.java:141)
at java.base/java.lang.String.valueOf(String.java:4222)
at org.openqa.selenium.SharedCapabilitiesMethods.abbreviate(SharedCapabilitiesMethods.java:120)
at org.openqa.selenium.SharedCapabilitiesMethods.lambda$abbreviate$4(SharedCapabilitiesMethods.java:116)
at java.base/java.util.stream.ReferencePipeline$3$1.accept(ReferencePipeline.java:197)
at java.base/java.util.stream.SortedOps$SizedRefSortingSink.end(SortedOps.java:357)
at java.base/java.util.stream.AbstractPipeline.copyInto(AbstractPipeline.java:510)
at java.base/java.util.stream.AbstractPipeline.wrapAndCopyInto(AbstractPipeline.java:499)
at java.base/java.util.stream.ReduceOps$ReduceOp.evaluateSequential(ReduceOps.java:921)
at java.base/java.util.stream.AbstractPipeline.evaluate(AbstractPipeline.java:234)
at java.base/java.util.stream.ReferencePipeline.collect(ReferencePipeline.java:682)
at org.openqa.selenium.SharedCapabilitiesMethods.abbreviate(SharedCapabilitiesMethods.java:117)
at org.openqa.selenium.SharedCapabilitiesMethods.lambda$abbreviate$4(SharedCapabilitiesMethods.java:116)
at java.base/java.util.stream.ReferencePipeline$3$1.accept(ReferencePipeline.java:197)
at java.base/java.util.stream.SortedOps$SizedRefSortingSink.end(SortedOps.java:357)
at java.base/java.util.stream.AbstractPipeline.copyInto(AbstractPipeline.java:510)
at java.base/java.util.stream.AbstractPipeline.wrapAndCopyInto(AbstractPipeline.java:499)
at java.base/java.util.stream.ReduceOps$ReduceOp.evaluateSequential(ReduceOps.java:921)
at java.base/java.util.stream.AbstractPipeline.evaluate(AbstractPipeline.java:234)
at java.base/java.util.stream.ReferencePipeline.collect(ReferencePipeline.java:682)
at org.openqa.selenium.SharedCapabilitiesMethods.abbreviate(SharedCapabilitiesMethods.java:117)
at org.openqa.selenium.SharedCapabilitiesMethods.toString(SharedCapabilitiesMethods.java:84)
at org.openqa.selenium.MutableCapabilities.toString(MutableCapabilities.java:141)
at java.base/java.lang.String.valueOf(String.java:4222)
at org.openqa.selenium.SharedCapabilitiesMethods.abbreviate(SharedCapabilitiesMethods.java:120)
at org.openqa.selenium.SharedCapabilitiesMethods.lambda$abbreviate$4(SharedCapabilitiesMethods.java:116)
at java.base/java.util.stream.ReferencePipeline$3$1.accept(ReferencePipeline.java:197)
at java.base/java.util.stream.SortedOps$SizedRefSortingSink.end(SortedOps.java:357)
at java.base/java.util.stream.AbstractPipeline.copyInto(AbstractPipeline.java:510)
at java.base/java.util.stream.AbstractPipeline.wrapAndCopyInto(AbstractPipeline.java:499)
at java.base/java.util.stream.ReduceOps$ReduceOp.evaluateSequential(ReduceOps.java:921)
at java.base/java.util.stream.AbstractPipeline.evaluate(AbstractPipeline.java:234)
at java.base/java.util.stream.ReferencePipeline.collect(ReferencePipeline.java:682)
at org.openqa.selenium.SharedCapabilitiesMethods.abbreviate(SharedCapabilitiesMethods.java:117)
at org.openqa.selenium.SharedCapabilitiesMethods.lambda$abbreviate$4(SharedCapabilitiesMethods.java:116)
at java.base/java.util.stream.ReferencePipeline$3$1.accept(ReferencePipeline.java:197)
at java.base/java.util.stream.SortedOps$SizedRefSortingSink.end(SortedOps.java:357)
at java.base/java.util.stream.AbstractPipeline.copyInto(AbstractPipeline.java:510)
at java.base/java.util.stream.AbstractPipeline.wrapAndCopyInto(AbstractPipeline.java:499)
at java.base/java.util.stream.ReduceOps$ReduceOp.evaluateSequential(ReduceOps.java:921)
at java.base/java.util.stream.AbstractPipeline.evaluate(AbstractPipeline.java:234)
at java.base/java.util.stream.ReferencePipeline.collect(ReferencePipeline.java:682)
at org.openqa.selenium.SharedCapabilitiesMethods.abbreviate(SharedCapabilitiesMethods.java:117)
at org.openqa.selenium.SharedCapabilitiesMethods.toString(SharedCapabilitiesMethods.java:84)
at org.openqa.selenium.MutableCapabilities.toString(MutableCapabilities.java:141)
at java.base/java.lang.String.valueOf(String.java:4222)
at org.openqa.selenium.SharedCapabilitiesMethods.abbreviate(SharedCapabilitiesMethods.java:120)
at org.openqa.selenium.SharedCapabilitiesMethods.lambda$abbreviate$4(SharedCapabilitiesMethods.java:116)
at java.base/java.util.stream.ReferencePipeline$3$1.accept(ReferencePipeline.java:197)
at java.base/java.util.stream.SortedOps$SizedRefSortingSink.end(SortedOps.java:357)
at java.base/java.util.stream.AbstractPipeline.copyInto(AbstractPipeline.java:510)
at java.base/java.util.stream.AbstractPipeline.wrapAndCopyInto(AbstractPipeline.java:499)
at java.base/java.util.stream.ReduceOps$ReduceOp.evaluateSequential(ReduceOps.java:921)
at java.base/java.util.stream.AbstractPipeline.evaluate(AbstractPipeline.java:234)
at java.base/java.util.stream.ReferencePipeline.collect(ReferencePipeline.java:682)
at org.openqa.selenium.SharedCapabilitiesMethods.abbreviate(SharedCapabilitiesMethods.java:117)
at org.openqa.selenium.SharedCapabilitiesMethods.lambda$abbreviate$4(SharedCapabilitiesMethods.java:116)
at java.base/java.util.stream.ReferencePipeline$3$1.accept(ReferencePipeline.java:197)
at java.base/java.util.stream.SortedOps$SizedRefSortingSink.end(SortedOps.java:357)
at java.base/java.util.stream.AbstractPipeline.copyInto(AbstractPipeline.java:510)
at java.base/java.util.stream.AbstractPipeline.wrapAndCopyInto(AbstractPipeline.java:499)
at java.base/java.util.stream.ReduceOps$ReduceOp.evaluateSequential(ReduceOps.java:921)
at java.base/java.util.stream.AbstractPipeline.evaluate(AbstractPipeline.java:234)
at java.base/java.util.stream.ReferencePipeline.collect(ReferencePipeline.java:682)
at org.openqa.selenium.SharedCapabilitiesMethods.abbreviate(SharedCapabilitiesMethods.java:117)
at org.openqa.selenium.SharedCapabilitiesMethods.toString(SharedCapabilitiesMethods.java:84)
at org.openqa.selenium.MutableCapabilities.toString(MutableCapabilities.java:141)
at java.base/java.lang.String.valueOf(String.java:4222)
at org.openqa.selenium.SharedCapabilitiesMethods.abbreviate(SharedCapabilitiesMethods.java:120)
at org.openqa.selenium.SharedCapabilitiesMethods.lambda$abbreviate$4(SharedCapabilitiesMethods.java:116)
at java.base/java.util.stream.ReferencePipeline$3$1.accept(ReferencePipeline.java:197)
at java.base/java.util.stream.SortedOps$SizedRefSortingSink.end(SortedOps.java:357)
at java.base/java.util.stream.AbstractPipeline.copyInto(AbstractPipeline.java:510)
at java.base/java.util.stream.AbstractPipeline.wrapAndCopyInto(AbstractPipeline.java:499)
at java.base/java.util.stream.ReduceOps$ReduceOp.evaluateSequential(ReduceOps.java:921)
at java.base/java.util.stream.AbstractPipeline.evaluate(AbstractPipeline.java:234)
at java.base/java.util.stream.ReferencePipeline.collect(ReferencePipeline.java:682)
at org.openqa.selenium.SharedCapabilitiesMethods.abbreviate(SharedCapabilitiesMethods.java:117)
at org.openqa.selenium.SharedCapabilitiesMethods.lambda$abbreviate$4(SharedCapabilitiesMethods.java:116)
at java.base/java.util.stream.ReferencePipeline$3$1.accept(ReferencePipeline.java:197)
at java.base/java.util.stream.SortedOps$SizedRefSortingSink.end(SortedOps.java:357)
at java.base/java.util.stream.AbstractPipeline.copyInto(AbstractPipeline.java:510)
at java.base/java.util.stream.AbstractPipeline.wrapAndCopyInto(AbstractPipeline.java:499)
at java.base/java.util.stream.ReduceOps$ReduceOp.evaluateSequential(ReduceOps.java:921)
at java.base/java.util.stream.AbstractPipeline.evaluate(AbstractPipeline.java:234)
at java.base/java.util.stream.ReferencePipeline.collect(ReferencePipeline.java:682)
at org.openqa.selenium.SharedCapabilitiesMethods.abbreviate(SharedCapabilitiesMethods.java:117)
at org.openqa.selenium.SharedCapabilitiesMethods.toString(SharedCapabilitiesMethods.java:84)
at org.openqa.selenium.MutableCapabilities.toString(MutableCapabilities.java:141)
at java.base/java.lang.String.valueOf(String.java:4222)
at org.openqa.selenium.SharedCapabilitiesMethods.abbreviate(SharedCapabilitiesMethods.java:120)
at org.openqa.selenium.SharedCapabilitiesMethods.lambda$abbreviate$4(SharedCapabilitiesMethods.java:116)
at java.base/java.util.stream.ReferencePipeline$3$1.accept(ReferencePipeline.java:197)
at java.base/java.util.stream.SortedOps$SizedRefSortingSink.end(SortedOps.java:357)
at java.base/java.util.stream.AbstractPipeline.copyInto(AbstractPipeline.java:510)
at java.base/java.util.stream.AbstractPipeline.wrapAndCopyInto(AbstractPipeline.java:499)
at java.base/java.util.stream.ReduceOps$ReduceOp.evaluateSequential(ReduceOps.java:921)
at java.base/java.util.stream.AbstractPipeline.evaluate(AbstractPipeline.java:234)
at java.base/java.util.stream.ReferencePipeline.collect(ReferencePipeline.java:682)
at org.openqa.selenium.SharedCapabilitiesMethods.abbreviate(SharedCapabilitiesMethods.java:117)
at org.openqa.selenium.SharedCapabilitiesMethods.lambda$abbreviate$4(SharedCapabilitiesMethods.java:116)
at java.base/java.util.stream.ReferencePipeline$3$1.accept(ReferencePipeline.java:197)
at java.base/java.util.stream.SortedOps$SizedRefSortingSink.end(SortedOps.java:357)
at java.base/java.util.stream.AbstractPipeline.copyInto(AbstractPipeline.java:510)
at java.base/java.util.stream.AbstractPipeline.wrapAndCopyInto(AbstractPipeline.java:499)
at java.base/java.util.stream.ReduceOps$ReduceOp.evaluateSequential(ReduceOps.java:921)
at java.base/java.util.stream.AbstractPipeline.evaluate(AbstractPipeline.java:234)
at java.base/java.util.stream.ReferencePipeline.collect(ReferencePipeline.java:682)
at org.openqa.selenium.SharedCapabilitiesMethods.abbreviate(SharedCapabilitiesMethods.java:117)
at org.openqa.selenium.SharedCapabilitiesMethods.toString(SharedCapabilitiesMethods.java:84)
at org.openqa.selenium.MutableCapabilities.toString(MutableCapabilities.java:141)
at java.base/java.lang.String.valueOf(String.java:4222)
at org.openqa.selenium.SharedCapabilitiesMethods.abbreviate(SharedCapabilitiesMethods.java:120)
at org.openqa.selenium.SharedCapabilitiesMethods.lambda$abbreviate$4(SharedCapabilitiesMethods.java:116)
at java.base/java.util.stream.ReferencePipeline$3$1.accept(ReferencePipeline.java:197)
at java.base/java.util.stream.SortedOps$SizedRefSortingSink.end(SortedOps.java:357)
at java.base/java.util.stream.AbstractPipeline.copyInto(AbstractPipeline.java:510)
at java.base/java.util.stream.AbstractPipeline.wrapAndCopyInto(AbstractPipeline.java:499)
at java.base/java.util.stream.ReduceOps$ReduceOp.evaluateSequential(ReduceOps.java:921)
at java.base/java.util.stream.AbstractPipeline.evaluate(AbstractPipeline.java:234)
at java.base/java.util.stream.ReferencePipeline.collect(ReferencePipeline.java:682)
at org.openqa.selenium.SharedCapabilitiesMethods.abbreviate(SharedCapabilitiesMethods.java:117)
at org.openqa.selenium.SharedCapabilitiesMethods.lambda$abbreviate$4(SharedCapabilitiesMethods.java:116)
at java.base/java.util.stream.ReferencePipeline$3$1.accept(ReferencePipeline.java:197)
at java.base/java.util.stream.SortedOps$SizedRefSortingSink.end(SortedOps.java:357)
at java.base/java.util.stream.AbstractPipeline.copyInto(AbstractPipeline.java:510)
at java.base/java.util.stream.AbstractPipeline.wrapAndCopyInto(AbstractPipeline.java:499)
at java.base/java.util.stream.ReduceOps$ReduceOp.evaluateSequential(ReduceOps.java:921)
at java.base/java.util.stream.AbstractPipeline.evaluate(AbstractPipeline.java:234)
at java.base/java.util.stream.ReferencePipeline.collect(ReferencePipeline.java:682)
at org.openqa.selenium.SharedCapabilitiesMethods.abbreviate(SharedCapabilitiesMethods.java:117)
at org.openqa.selenium.SharedCapabilitiesMethods.toString(SharedCapabilitiesMethods.java:84)
at org.openqa.selenium.MutableCapabilities.toString(MutableCapabilities.java:141)
at java.base/java.lang.String.valueOf(String.java:4222)
at org.openqa.selenium.SharedCapabilitiesMethods.abbreviate(SharedCapabilitiesMethods.java:120)
at org.openqa.selenium.SharedCapabilitiesMethods.lambda$abbreviate$4(SharedCapabilitiesMethods.java:116)
at java.base/java.util.stream.ReferencePipeline$3$1.accept(ReferencePipeline.java:197)
at java.base/java.util.stream.SortedOps$SizedRefSortingSink.end(SortedOps.java:357)
at java.base/java.util.stream.AbstractPipeline.copyInto(AbstractPipeline.java:510)
at java.base/java.util.stream.AbstractPipeline.wrapAndCopyInto(AbstractPipeline.java:499)
at java.base/java.util.stream.ReduceOps$ReduceOp.evaluateSequential(ReduceOps.java:921)
at java.base/java.util.stream.AbstractPipeline.evaluate(AbstractPipeline.java:234)
at java.base/java.util.stream.ReferencePipeline.collect(ReferencePipeline.java:682)
at org.openqa.selenium.SharedCapabilitiesMethods.abbreviate(SharedCapabilitiesMethods.java:117)
at org.openqa.selenium.SharedCapabilitiesMethods.lambda$abbreviate$4(SharedCapabilitiesMethods.java:116)
at java.base/java.util.stream.ReferencePipeline$3$1.accept(ReferencePipeline.java:197)
at java.base/java.util.stream.SortedOps$SizedRefSortingSink.end(SortedOps.java:357)
at java.base/java.util.stream.AbstractPipeline.copyInto(AbstractPipeline.java:510)
at java.base/java.util.stream.AbstractPipeline.wrapAndCopyInto(AbstractPipeline.java:499)
at java.base/java.util.stream.ReduceOps$ReduceOp.evaluateSequential(ReduceOps.java:921)
at java.base/java.util.stream.AbstractPipeline.evaluate(AbstractPipeline.java:234)
at java.base/java.util.stream.ReferencePipeline.collect(ReferencePipeline.java:682)
at org.openqa.selenium.SharedCapabilitiesMethods.abbreviate(SharedCapabilitiesMethods.java:117)
at org.openqa.selenium.SharedCapabilitiesMethods.toString(SharedCapabilitiesMethods.java:84)
at org.openqa.selenium.MutableCapabilities.toString(MutableCapabilities.java:141)
at java.base/java.lang.String.valueOf(String.java:4222)
at org.openqa.selenium.SharedCapabilitiesMethods.abbreviate(SharedCapabilitiesMethods.java:120)
at org.openqa.selenium.SharedCapabilitiesMethods.lambda$abbreviate$4(SharedCapabilitiesMethods.java:116)
at java.base/java.util.stream.ReferencePipeline$3$1.accept(ReferencePipeline.java:197)
at java.base/java.util.stream.SortedOps$SizedRefSortingSink.end(SortedOps.java:357)
at java.base/java.util.stream.AbstractPipeline.copyInto(AbstractPipeline.java:510)
at java.base/java.util.stream.AbstractPipeline.wrapAndCopyInto(AbstractPipeline.java:499)
at java.base/java.util.stream.ReduceOps$ReduceOp.evaluateSequential(ReduceOps.java:921)
at java.base/java.util.stream.AbstractPipeline.evaluate(AbstractPipeline.java:234)
at java.base/java.util.stream.ReferencePipeline.collect(ReferencePipeline.java:682)
at org.openqa.selenium.SharedCapabilitiesMethods.abbreviate(SharedCapabilitiesMethods.java:117)
at org.openqa.selenium.SharedCapabilitiesMethods.lambda$abbreviate$4(SharedCapabilitiesMethods.java:116)
at java.base/java.util.stream.ReferencePipeline$3$1.accept(ReferencePipeline.java:197)
at java.base/java.util.stream.SortedOps$SizedRefSortingSink.end(SortedOps.java:357)
at java.base/java.util.stream.AbstractPipeline.copyInto(AbstractPipeline.java:510)
at java.base/java.util.stream.AbstractPipeline.wrapAndCopyInto(AbstractPipeline.java:499)
at java.base/java.util.stream.ReduceOps$ReduceOp.evaluateSequential(ReduceOps.java:921)
at java.base/java.util.stream.AbstractPipeline.evaluate(AbstractPipeline.java:234)
at java.base/java.util.stream.ReferencePipeline.collect(ReferencePipeline.java:682)
at org.openqa.selenium.SharedCapabilitiesMethods.abbreviate(SharedCapabilitiesMethods.java:117)
at org.openqa.selenium.SharedCapabilitiesMethods.toString(SharedCapabilitiesMethods.java:84)
at org.openqa.selenium.MutableCapabilities.toString(MutableCapabilities.java:141)
at java.base/java.lang.String.valueOf(String.java:4222)
at org.openqa.selenium.SharedCapabilitiesMethods.abbreviate(SharedCapabilitiesMethods.java:120)
at org.openqa.selenium.SharedCapabilitiesMethods.lambda$abbreviate$4(SharedCapabilitiesMethods.java:116)
at java.base/java.util.stream.ReferencePipeline$3$1.accept(ReferencePipeline.java:197)
at java.base/java.util.stream.SortedOps$SizedRefSortingSink.end(SortedOps.java:357)
at java.base/java.util.stream.AbstractPipeline.copyInto(AbstractPipeline.java:510)
at java.base/java.util.stream.AbstractPipeline.wrapAndCopyInto(AbstractPipeline.java:499)
at java.base/java.util.stream.ReduceOps$ReduceOp.evaluateSequential(ReduceOps.java:921)
at java.base/java.util.stream.AbstractPipeline.evaluate(AbstractPipeline.java:234)
at java.base/java.util.stream.ReferencePipeline.collect(ReferencePipeline.java:682)
at org.openqa.selenium.SharedCapabilitiesMethods.abbreviate(SharedCapabilitiesMethods.java:117)
at org.openqa.selenium.SharedCapabilitiesMethods.lambda$abbreviate$4(SharedCapabilitiesMethods.java:116)
at java.base/java.util.stream.ReferencePipeline$3$1.accept(ReferencePipeline.java:197)
at java.base/java.util.stream.SortedOps$SizedRefSortingSink.end(SortedOps.java:357)
at java.base/java.util.stream.AbstractPipeline.copyInto(AbstractPipeline.java:510)
at java.base/java.util.stream.AbstractPipeline.wrapAndCopyInto(AbstractPipeline.java:499)
at java.base/java.util.stream.ReduceOps$ReduceOp.evaluateSequential(ReduceOps.java:921)
at java.base/java.util.stream.AbstractPipeline.evaluate(AbstractPipeline.java:234)
at java.base/java.util.stream.ReferencePipeline.collect(ReferencePipeline.java:682)
at org.openqa.selenium.SharedCapabilitiesMethods.abbreviate(SharedCapabilitiesMethods.java:117)
at org.openqa.selenium.SharedCapabilitiesMethods.toString(SharedCapabilitiesMethods.java:84)
at org.openqa.selenium.MutableCapabilities.toString(MutableCapabilities.java:141)
at java.base/java.lang.String.valueOf(String.java:4222)
at org.openqa.selenium.SharedCapabilitiesMethods.abbreviate(SharedCapabilitiesMethods.java:120)
at org.openqa.selenium.SharedCapabilitiesMethods.lambda$abbreviate$4(SharedCapabilitiesMethods.java:116)
at java.base/java.util.stream.ReferencePipeline$3$1.accept(ReferencePipeline.java:197)
at java.base/java.util.stream.SortedOps$SizedRefSortingSink.end(SortedOps.java:357)
at java.base/java.util.stream.AbstractPipeline.copyInto(AbstractPipeline.java:510)
at java.base/java.util.stream.AbstractPipeline.wrapAndCopyInto(AbstractPipeline.java:499)
at java.base/java.util.stream.ReduceOps$ReduceOp.evaluateSequential(ReduceOps.java:921)
at java.base/java.util.stream.AbstractPipeline.evaluate(AbstractPipeline.java:234)
at java.base/java.util.stream.ReferencePipeline.collect(ReferencePipeline.java:682)
at org.openqa.selenium.SharedCapabilitiesMethods.abbreviate(SharedCapabilitiesMethods.java:117)
at org.openqa.selenium.SharedCapabilitiesMethods.lambda$abbreviate$4(SharedCapabilitiesMethods.java:116)
at java.base/java.util.stream.ReferencePipeline$3$1.accept(ReferencePipeline.java:197)
at java.base/java.util.stream.SortedOps$SizedRefSortingSink.end(SortedOps.java:357)
at java.base/java.util.stream.AbstractPipeline.copyInto(AbstractPipeline.java:510)
at java.base/java.util.stream.AbstractPipeline.wrapAndCopyInto(AbstractPipeline.java:499)
at java.base/java.util.stream.ReduceOps$ReduceOp.evaluateSequential(ReduceOps.java:921)
at java.base/java.util.stream.AbstractPipeline.evaluate(AbstractPipeline.java:234)
at java.base/java.util.stream.ReferencePipeline.collect(ReferencePipeline.java:682)
at org.openqa.selenium.SharedCapabilitiesMethods.abbreviate(SharedCapabilitiesMethods.java:117)
at org.openqa.selenium.SharedCapabilitiesMethods.toString(SharedCapabilitiesMethods.java:84)
at org.openqa.selenium.MutableCapabilities.toString(MutableCapabilities.java:141)
at java.base/java.lang.String.valueOf(String.java:4222)
at org.openqa.selenium.SharedCapabilitiesMethods.abbreviate(SharedCapabilitiesMethods.java:120)
at org.openqa.selenium.SharedCapabilitiesMethods.lambda$abbreviate$4(SharedCapabilitiesMethods.java:116)
at java.base/java.util.stream.ReferencePipeline$3$1.accept(ReferencePipeline.java:197)
at java.base/java.util.stream.SortedOps$SizedRefSortingSink.end(SortedOps.java:357)
at java.base/java.util.stream.AbstractPipeline.copyInto(AbstractPipeline.java:510)
at java.base/java.util.stream.AbstractPipeline.wrapAndCopyInto(AbstractPipeline.java:499)
at java.base/java.util.stream.ReduceOps$ReduceOp.evaluateSequential(ReduceOps.java:921)
at java.base/java.util.stream.AbstractPipeline.evaluate(AbstractPipeline.java:234)
at java.base/java.util.stream.ReferencePipeline.collect(ReferencePipeline.java:682)
at org.openqa.selenium.SharedCapabilitiesMethods.abbreviate(SharedCapabilitiesMethods.java:117)
at org.openqa.selenium.SharedCapabilitiesMethods.lambda$abbreviate$4(SharedCapabilitiesMethods.java:116)
at java.base/java.util.stream.ReferencePipeline$3$1.accept(ReferencePipeline.java:197)
at java.base/java.util.stream.SortedOps$SizedRefSortingSink.end(SortedOps.java:357)
at java.base/java.util.stream.AbstractPipeline.copyInto(AbstractPipeline.java:510)
at java.base/java.util.stream.AbstractPipeline.wrapAndCopyInto(AbstractPipeline.java:499)
at java.base/java.util.stream.ReduceOps$ReduceOp.evaluateSequential(ReduceOps.java:921)
at java.base/java.util.stream.AbstractPipeline.evaluate(AbstractPipeline.java:234)
at java.base/java.util.stream.ReferencePipeline.collect(ReferencePipeline.java:682)
at org.openqa.selenium.SharedCapabilitiesMethods.abbreviate(SharedCapabilitiesMethods.java:117)
at org.openqa.selenium.SharedCapabilitiesMethods.toString(SharedCapabilitiesMethods.java:84)
at org.openqa.selenium.MutableCapabilities.toString(MutableCapabilities.java:141)
at java.base/java.lang.String.valueOf(String.java:4222)
at org.openqa.selenium.SharedCapabilitiesMethods.abbreviate(SharedCapabilitiesMethods.java:120)
at org.openqa.selenium.SharedCapabilitiesMethods.lambda$abbreviate$4(SharedCapabilitiesMethods.java:116)
at java.base/java.util.stream.ReferencePipeline$3$1.accept(ReferencePipeline.java:197)
at java.base/java.util.stream.SortedOps$SizedRefSortingSink.end(SortedOps.java:357)
at java.base/java.util.stream.AbstractPipeline.copyInto(AbstractPipeline.java:510)
at java.base/java.util.stream.AbstractPipeline.wrapAndCopyInto(AbstractPipeline.java:499)
at java.base/java.util.stream.ReduceOps$ReduceOp.evaluateSequential(ReduceOps.java:921)
at java.base/java.util.stream.AbstractPipeline.evaluate(AbstractPipeline.java:234)
at java.base/java.util.stream.ReferencePipeline.collect(ReferencePipeline.java:682)
at org.openqa.selenium.SharedCapabilitiesMethods.abbreviate(SharedCapabilitiesMethods.java:117)
at org.openqa.selenium.SharedCapabilitiesMethods.lambda$abbreviate$4(SharedCapabilitiesMethods.java:116)
at java.base/java.util.stream.ReferencePipeline$3$1.accept(ReferencePipeline.java:197)
at java.base/java.util.stream.SortedOps$SizedRefSortingSink.end(SortedOps.java:357)
at java.base/java.util.stream.AbstractPipeline.copyInto(AbstractPipeline.java:510)
at java.base/java.util.stream.AbstractPipeline.wrapAndCopyInto(AbstractPipeline.java:499)
at java.base/java.util.stream.ReduceOps$ReduceOp.evaluateSequential(ReduceOps.java:921)
at java.base/java.util.stream.AbstractPipeline.evaluate(AbstractPipeline.java:234)
at java.base/java.util.stream.ReferencePipeline.collect(ReferencePipeline.java:682)
at org.openqa.selenium.SharedCapabilitiesMethods.abbreviate(SharedCapabilitiesMethods.java:117)
at org.openqa.selenium.SharedCapabilitiesMethods.toString(SharedCapabilitiesMethods.java:84)
at org.openqa.selenium.MutableCapabilities.toString(MutableCapabilities.java:141)
at java.base/java.lang.String.valueOf(String.java:4222)
at org.openqa.selenium.SharedCapabilitiesMethods.abbreviate(SharedCapabilitiesMethods.java:120)
at org.openqa.selenium.SharedCapabilitiesMethods.lambda$abbreviate$4(SharedCapabilitiesMethods.java:116)
at java.base/java.util.stream.ReferencePipeline$3$1.accept(ReferencePipeline.java:197)
at java.base/java.util.stream.SortedOps$SizedRefSortingSink.end(SortedOps.java:357)
at java.base/java.util.stream.AbstractPipeline.copyInto(AbstractPipeline.java:510)
at java.base/java.util.stream.AbstractPipeline.wrapAndCopyInto(AbstractPipeline.java:499)
at java.base/java.util.stream.ReduceOps$ReduceOp.evaluateSequential(ReduceOps.java:921)
at java.base/java.util.stream.AbstractPipeline.evaluate(AbstractPipeline.java:234)
at java.base/java.util.stream.ReferencePipeline.collect(ReferencePipeline.java:682)
at org.openqa.selenium.SharedCapabilitiesMethods.abbreviate(SharedCapabilitiesMethods.java:117)
at org.openqa.selenium.SharedCapabilitiesMethods.lambda$abbreviate$4(SharedCapabilitiesMethods.java:116)
at java.base/java.util.stream.ReferencePipeline$3$1.accept(ReferencePipeline.java:197)
at java.base/java.util.stream.SortedOps$SizedRefSortingSink.end(SortedOps.java:357)
at java.base/java.util.stream.AbstractPipeline.copyInto(AbstractPipeline.java:510)
at java.base/java.util.stream.AbstractPipeline.wrapAndCopyInto(AbstractPipeline.java:499)
at java.base/java.util.stream.ReduceOps$ReduceOp.evaluateSequential(ReduceOps.java:921)
at java.base/java.util.stream.AbstractPipeline.evaluate(AbstractPipeline.java:234)
at java.base/java.util.stream.ReferencePipeline.collect(ReferencePipeline.java:682)
at org.openqa.selenium.SharedCapabilitiesMethods.abbreviate(SharedCapabilitiesMethods.java:117)
at org.openqa.selenium.SharedCapabilitiesMethods.toString(SharedCapabilitiesMethods.java:84)
at org.openqa.selenium.MutableCapabilities.toString(MutableCapabilities.java:141)
at java.base/java.lang.String.valueOf(String.java:4222)
at org.openqa.selenium.SharedCapabilitiesMethods.abbreviate(SharedCapabilitiesMethods.java:120)
at org.openqa.selenium.SharedCapabilitiesMethods.lambda$abbreviate$4(SharedCapabilitiesMethods.java:116)
at java.base/java.util.stream.ReferencePipeline$3$1.accept(ReferencePipeline.java:197)
at java.base/java.util.stream.SortedOps$SizedRefSortingSink.end(SortedOps.java:357)
at java.base/java.util.stream.AbstractPipeline.copyInto(AbstractPipeline.java:510)
at java.base/java.util.stream.AbstractPipeline.wrapAndCopyInto(AbstractPipeline.java:499)
at java.base/java.util.stream.ReduceOps$ReduceOp.evaluateSequential(ReduceOps.java:921)
at java.base/java.util.stream.AbstractPipeline.evaluate(AbstractPipeline.java:234)
at java.base/java.util.stream.ReferencePipeline.collect(ReferencePipeline.java:682)
at org.openqa.selenium.SharedCapabilitiesMethods.abbreviate(SharedCapabilitiesMethods.java:117)
at org.openqa.selenium.SharedCapabilitiesMethods.lambda$abbreviate$4(SharedCapabilitiesMethods.java:116)
at java.base/java.util.stream.ReferencePipeline$3$1.accept(ReferencePipeline.java:197)
at java.base/java.util.stream.SortedOps$SizedRefSortingSink.end(SortedOps.java:357)
at java.base/java.util.stream.AbstractPipeline.copyInto(AbstractPipeline.java:510)
at java.base/java.util.stream.AbstractPipeline.wrapAndCopyInto(AbstractPipeline.java:499)
at java.base/java.util.stream.ReduceOps$ReduceOp.evaluateSequential(ReduceOps.java:921)
at java.base/java.util.stream.AbstractPipeline.evaluate(AbstractPipeline.java:234)
at java.base/java.util.stream.ReferencePipeline.collect(ReferencePipeline.java:682)
at org.openqa.selenium.SharedCapabilitiesMethods.abbreviate(SharedCapabilitiesMethods.java:117)
at org.openqa.selenium.SharedCapabilitiesMethods.toString(SharedCapabilitiesMethods.java:84)
at org.openqa.selenium.MutableCapabilities.toString(MutableCapabilities.java:141)
at java.base/java.lang.String.valueOf(String.java:4222)
at org.openqa.selenium.SharedCapabilitiesMethods.abbreviate(SharedCapabilitiesMethods.java:120)
at org.openqa.selenium.SharedCapabilitiesMethods.lambda$abbreviate$4(SharedCapabilitiesMethods.java:116)
at java.base/java.util.stream.ReferencePipeline$3$1.accept(ReferencePipeline.java:197)
at java.base/java.util.stream.SortedOps$SizedRefSortingSink.end(SortedOps.java:357)
at java.base/java.util.stream.AbstractPipeline.copyInto(AbstractPipeline.java:510)
at java.base/java.util.stream.AbstractPipeline.wrapAndCopyInto(AbstractPipeline.java:499)
at java.base/java.util.stream.ReduceOps$ReduceOp.evaluateSequential(ReduceOps.java:921)
at java.base/java.util.stream.AbstractPipeline.evaluate(AbstractPipeline.java:234)
at java.base/java.util.stream.ReferencePipeline.collect(ReferencePipeline.java:682)
at org.openqa.selenium.SharedCapabilitiesMethods.abbreviate(SharedCapabilitiesMethods.java:117)
at org.openqa.selenium.SharedCapabilitiesMethods.lambda$abbreviate$4(SharedCapabilitiesMethods.java:116)
at java.base/java.util.stream.ReferencePipeline$3$1.accept(ReferencePipeline.java:197)
at java.base/java.util.stream.SortedOps$SizedRefSortingSink.end(SortedOps.java:357)
at java.base/java.util.stream.AbstractPipeline.copyInto(AbstractPipeline.java:510)
at java.base/java.util.stream.AbstractPipeline.wrapAndCopyInto(AbstractPipeline.java:499)
at java.base/java.util.stream.ReduceOps$ReduceOp.evaluateSequential(ReduceOps.java:921)
at java.base/java.util.stream.AbstractPipeline.evaluate(AbstractPipeline.java:234)
at java.base/java.util.stream.ReferencePipeline.collect(ReferencePipeline.java:682)
at org.openqa.selenium.SharedCapabilitiesMethods.abbreviate(SharedCapabilitiesMethods.java:117)
at org.openqa.selenium.SharedCapabilitiesMethods.toString(SharedCapabilitiesMethods.java:84)
at org.openqa.selenium.MutableCapabilities.toString(MutableCapabilities.java:141)
at java.base/java.lang.String.valueOf(String.java:4222)
at org.openqa.selenium.SharedCapabilitiesMethods.abbreviate(SharedCapabilitiesMethods.java:120)
at org.openqa.selenium.SharedCapabilitiesMethods.lambda$abbreviate$4(SharedCapabilitiesMethods.java:116)
at java.base/java.util.stream.ReferencePipeline$3$1.accept(ReferencePipeline.java:197)
at java.base/java.util.stream.SortedOps$SizedRefSortingSink.end(SortedOps.java:357)
at java.base/java.util.stream.AbstractPipeline.copyInto(AbstractPipeline.java:510)
at java.base/java.util.stream.AbstractPipeline.wrapAndCopyInto(AbstractPipeline.java:499)
at java.base/java.util.stream.ReduceOps$ReduceOp.evaluateSequential(ReduceOps.java:921)
at java.base/java.util.stream.AbstractPipeline.evaluate(AbstractPipeline.java:234)
at java.base/java.util.stream.ReferencePipeline.collect(ReferencePipeline.java:682)
at org.openqa.selenium.SharedCapabilitiesMethods.abbreviate(SharedCapabilitiesMethods.java:117)
at org.openqa.selenium.SharedCapabilitiesMethods.lambda$abbreviate$4(SharedCapabilitiesMethods.java:116)
at java.base/java.util.stream.ReferencePipeline$3$1.accept(ReferencePipeline.java:197)
at java.base/java.util.stream.SortedOps$SizedRefSortingSink.end(SortedOps.java:357)
at java.base/java.util.stream.AbstractPipeline.copyInto(AbstractPipeline.java:510)
at java.base/java.util.stream.AbstractPipeline.wrapAndCopyInto(AbstractPipeline.java:499)
at java.base/java.util.stream.ReduceOps$ReduceOp.evaluateSequential(ReduceOps.java:921)
at java.base/java.util.stream.AbstractPipeline.evaluate(AbstractPipeline.java:234)
at java.base/java.util.stream.ReferencePipeline.collect(ReferencePipeline.java:682)
at org.openqa.selenium.SharedCapabilitiesMethods.abbreviate(SharedCapabilitiesMethods.java:117)
at org.openqa.selenium.SharedCapabilitiesMethods.toString(SharedCapabilitiesMethods.java:84)
at org.openqa.selenium.MutableCapabilities.toString(MutableCapabilities.java:141)
at java.base/java.lang.String.valueOf(String.java:4222)
at org.openqa.selenium.SharedCapabilitiesMethods.abbreviate(SharedCapabilitiesMethods.java:120)
at org.openqa.selenium.SharedCapabilitiesMethods.lambda$abbreviate$4(SharedCapabilitiesMethods.java:116)
at java.base/java.util.stream.ReferencePipeline$3$1.accept(ReferencePipeline.java:197)
at java.base/java.util.stream.SortedOps$SizedRefSortingSink.end(SortedOps.java:357)
at java.base/java.util.stream.AbstractPipeline.copyInto(AbstractPipeline.java:510)
at java.base/java.util.stream.AbstractPipeline.wrapAndCopyInto(AbstractPipeline.java:499)
at java.base/java.util.stream.ReduceOps$ReduceOp.evaluateSequential(ReduceOps.java:921)
at java.base/java.util.stream.AbstractPipeline.evaluate(AbstractPipeline.java:234)
at java.base/java.util.stream.ReferencePipeline.collect(ReferencePipeline.java:682)
at org.openqa.selenium.SharedCapabilitiesMethods.abbreviate(SharedCapabilitiesMethods.java:117)
at org.openqa.selenium.SharedCapabilitiesMethods.lambda$abbreviate$4(SharedCapabilitiesMethods.java:116)
at java.base/java.util.stream.ReferencePipeline$3$1.accept(ReferencePipeline.java:197)
at java.base/java.util.stream.SortedOps$SizedRefSortingSink.end(SortedOps.java:357)
at java.base/java.util.stream.AbstractPipeline.copyInto(AbstractPipeline.java:510)
at java.base/java.util.stream.AbstractPipeline.wrapAndCopyInto(AbstractPipeline.java:499)
at java.base/java.util.stream.ReduceOps$ReduceOp.evaluateSequential(ReduceOps.java:921)
at java.base/java.util.stream.AbstractPipeline.evaluate(AbstractPipeline.java:234)
at java.base/java.util.stream.ReferencePipeline.collect(ReferencePipeline.java:682)
at org.openqa.selenium.SharedCapabilitiesMethods.abbreviate(SharedCapabilitiesMethods.java:117)
at org.openqa.selenium.SharedCapabilitiesMethods.toString(SharedCapabilitiesMethods.java:84)
at org.openqa.selenium.MutableCapabilities.toString(MutableCapabilities.java:141)
at java.base/java.lang.String.valueOf(String.java:4222)
at org.openqa.selenium.SharedCapabilitiesMethods.abbreviate(SharedCapabilitiesMethods.java:120)
at org.openqa.selenium.SharedCapabilitiesMethods.lambda$abbreviate$4(SharedCapabilitiesMethods.java:116)
at java.base/java.util.stream.ReferencePipeline$3$1.accept(ReferencePipeline.java:197)
at java.base/java.util.stream.SortedOps$SizedRefSortingSink.end(SortedOps.java:357)
at java.base/java.util.stream.AbstractPipeline.copyInto(AbstractPipeline.java:510)
at java.base/java.util.stream.AbstractPipeline.wrapAndCopyInto(AbstractPipeline.java:499)
at java.base/java.util.stream.ReduceOps$ReduceOp.evaluateSequential(ReduceOps.java:921)
at java.base/java.util.stream.AbstractPipeline.evaluate(AbstractPipeline.java:234)
at java.base/java.util.stream.ReferencePipeline.collect(ReferencePipeline.java:682)
at org.openqa.selenium.SharedCapabilitiesMethods.abbreviate(SharedCapabilitiesMethods.java:117)
at org.openqa.selenium.SharedCapabilitiesMethods.lambda$abbreviate$4(SharedCapabilitiesMethods.java:116)
at java.base/java.util.stream.ReferencePipeline$3$1.accept(ReferencePipeline.java:197)
at java.base/java.util.stream.SortedOps$SizedRefSortingSink.end(SortedOps.java:357)
at java.base/java.util.stream.AbstractPipeline.copyInto(AbstractPipeline.java:510)
at java.base/java.util.stream.AbstractPipeline.wrapAndCopyInto(AbstractPipeline.java:499)
at java.base/java.util.stream.ReduceOps$ReduceOp.evaluateSequential(ReduceOps.java:921)
at java.base/java.util.stream.AbstractPipeline.evaluate(AbstractPipeline.java:234)
at java.base/java.util.stream.ReferencePipeline.collect(ReferencePipeline.java:682)
at org.openqa.selenium.SharedCapabilitiesMethods.abbreviate(SharedCapabilitiesMethods.java:117)
at org.openqa.selenium.SharedCapabilitiesMethods.toString(SharedCapabilitiesMethods.java:84)
at org.openqa.selenium.MutableCapabilities.toString(MutableCapabilities.java:141)
at java.base/java.lang.String.valueOf(String.java:4222)
at org.openqa.selenium.SharedCapabilitiesMethods.abbreviate(SharedCapabilitiesMethods.java:120)
at org.openqa.selenium.SharedCapabilitiesMethods.lambda$abbreviate$4(SharedCapabilitiesMethods.java:116)
at java.base/java.util.stream.ReferencePipeline$3$1.accept(ReferencePipeline.java:197)
at java.base/java.util.stream.SortedOps$SizedRefSortingSink.end(SortedOps.java:357)
at java.base/java.util.stream.AbstractPipeline.copyInto(AbstractPipeline.java:510)
at java.base/java.util.stream.AbstractPipeline.wrapAndCopyInto(AbstractPipeline.java:499)
at java.base/java.util.stream.ReduceOps$ReduceOp.evaluateSequential(ReduceOps.java:921)
at java.base/java.util.stream.AbstractPipeline.evaluate(AbstractPipeline.java:234)
at java.base/java.util.stream.ReferencePipeline.collect(ReferencePipeline.java:682)
at org.openqa.selenium.SharedCapabilitiesMethods.abbreviate(SharedCapabilitiesMethods.java:117)
at org.openqa.selenium.SharedCapabilitiesMethods.lambda$abbreviate$4(SharedCapabilitiesMethods.java:116)
at java.base/java.util.stream.ReferencePipeline$3$1.accept(ReferencePipeline.java:197)
at java.base/java.util.stream.SortedOps$SizedRefSortingSink.end(SortedOps.java:357)
at java.base/java.util.stream.AbstractPipeline.copyInto(AbstractPipeline.java:510)
at java.base/java.util.stream.AbstractPipeline.wrapAndCopyInto(AbstractPipeline.java:499)
at java.base/java.util.stream.ReduceOps$ReduceOp.evaluateSequential(ReduceOps.java:921)
at java.base/java.util.stream.AbstractPipeline.evaluate(AbstractPipeline.java:234)
at java.base/java.util.stream.ReferencePipeline.collect(ReferencePipeline.java:682)
at org.openqa.selenium.SharedCapabilitiesMethods.abbreviate(SharedCapabilitiesMethods.java:117)
at org.openqa.selenium.SharedCapabilitiesMethods.toString(SharedCapabilitiesMethods.java:84)
at org.openqa.selenium.MutableCapabilities.toString(MutableCapabilities.java:141)
at java.base/java.lang.String.valueOf(String.java:4222)
at org.openqa.selenium.SharedCapabilitiesMethods.abbreviate(SharedCapabilitiesMethods.java:120)
at org.openqa.selenium.SharedCapabilitiesMethods.lambda$abbreviate$4(SharedCapabilitiesMethods.java:116)
at java.base/java.util.stream.ReferencePipeline$3$1.accept(ReferencePipeline.java:197)
at java.base/java.util.stream.SortedOps$SizedRefSortingSink.end(SortedOps.java:357)
at java.base/java.util.stream.AbstractPipeline.copyInto(AbstractPipeline.java:510)
at java.base/java.util.stream.AbstractPipeline.wrapAndCopyInto(AbstractPipeline.java:499)
at java.base/java.util.stream.ReduceOps$ReduceOp.evaluateSequential(ReduceOps.java:921)
at java.base/java.util.stream.AbstractPipeline.evaluate(AbstractPipeline.java:234)
at java.base/java.util.stream.ReferencePipeline.collect(ReferencePipeline.java:682)
at org.openqa.selenium.SharedCapabilitiesMethods.abbreviate(SharedCapabilitiesMethods.java:117)
at org.openqa.selenium.SharedCapabilitiesMethods.lambda$abbreviate$4(SharedCapabilitiesMethods.java:116)
at java.base/java.util.stream.ReferencePipeline$3$1.accept(ReferencePipeline.java:197)
at java.base/java.util.stream.SortedOps$SizedRefSortingSink.end(SortedOps.java:357)
at java.base/java.util.stream.AbstractPipeline.copyInto(AbstractPipeline.java:510)
at java.base/java.util.stream.AbstractPipeline.wrapAndCopyInto(AbstractPipeline.java:499)
at java.base/java.util.stream.ReduceOps$ReduceOp.evaluateSequential(ReduceOps.java:921)
at java.base/java.util.stream.AbstractPipeline.evaluate(AbstractPipeline.java:234)
at java.base/java.util.stream.ReferencePipeline.collect(ReferencePipeline.java:682)
at org.openqa.selenium.SharedCapabilitiesMethods.abbreviate(SharedCapabilitiesMethods.java:117)
at org.openqa.selenium.SharedCapabilitiesMethods.toString(SharedCapabilitiesMethods.java:84)
at org.openqa.selenium.MutableCapabilities.toString(MutableCapabilities.java:141)
at java.base/java.lang.String.valueOf(String.java:4222)
at org.openqa.selenium.SharedCapabilitiesMethods.abbreviate(SharedCapabilitiesMethods.java:120)
at org.openqa.selenium.SharedCapabilitiesMethods.lambda$abbreviate$4(SharedCapabilitiesMethods.java:116)
at java.base/java.util.stream.ReferencePipeline$3$1.accept(ReferencePipeline.java:197)
at java.base/java.util.stream.SortedOps$SizedRefSortingSink.end(SortedOps.java:357)
at java.base/java.util.stream.AbstractPipeline.copyInto(AbstractPipeline.java:510)
at java.base/java.util.stream.AbstractPipeline.wrapAndCopyInto(AbstractPipeline.java:499)
at java.base/java.util.stream.ReduceOps$ReduceOp.evaluateSequential(ReduceOps.java:921)
at java.base/java.util.stream.AbstractPipeline.evaluate(AbstractPipeline.java:234)
at java.base/java.util.stream.ReferencePipeline.collect(ReferencePipeline.java:682)
at org.openqa.selenium.SharedCapabilitiesMethods.abbreviate(SharedCapabilitiesMethods.java:117)
at org.openqa.selenium.SharedCapabilitiesMethods.lambda$abbreviate$4(SharedCapabilitiesMethods.java:116)
at java.base/java.util.stream.ReferencePipeline$3$1.accept(ReferencePipeline.java:197)
at java.base/java.util.stream.SortedOps$SizedRefSortingSink.end(SortedOps.java:357)
at java.base/java.util.stream.AbstractPipeline.copyInto(AbstractPipeline.java:510)
at java.base/java.util.stream.AbstractPipeline.wrapAndCopyInto(AbstractPipeline.java:499)
at java.base/java.util.stream.ReduceOps$ReduceOp.evaluateSequential(ReduceOps.java:921)
at java.base/java.util.stream.AbstractPipeline.evaluate(AbstractPipeline.java:234)
at java.base/java.util.stream.ReferencePipeline.collect(ReferencePipeline.java:682)
at org.openqa.selenium.SharedCapabilitiesMethods.abbreviate(SharedCapabilitiesMethods.java:117)
at org.openqa.selenium.SharedCapabilitiesMethods.toString(SharedCapabilitiesMethods.java:84)
at org.openqa.selenium.MutableCapabilities.toString(MutableCapabilities.java:141)
at java.base/java.lang.String.valueOf(String.java:4222)
at org.openqa.selenium.SharedCapabilitiesMethods.abbreviate(SharedCapabilitiesMethods.java:120)
at org.openqa.selenium.SharedCapabilitiesMethods.lambda$abbreviate$4(SharedCapabilitiesMethods.java:116)
at java.base/java.util.stream.ReferencePipeline$3$1.accept(ReferencePipeline.java:197)
]]>
    </failure>
  </testcase> <!-- @BeforeClass openBrowser -->
  <testcase classname="com.comcast.HMS.BaseTest.HMSBaseTest2" name="@BeforeMethod login" time="0.0">
    <skipped/>
  </testcase> <!-- @BeforeMethod login -->
  <testcase classname="com.comcast.HMS.BaseTest.HMSBaseTest2" name="@AfterMethod logout" time="0.0">
    <skipped/>
  </testcase> <!-- @AfterMethod logout -->
  <testcase classname="com.comcast.HMS.BaseTest.HMSBaseTest2" name="@AfterClass ConfigAC" time="0.0">
    <skipped/>
  </testcase> <!-- @AfterClass ConfigAC -->
  <testcase classname="com.comcast.HMS.DoctorTest.Add_PatientTest" name="addPatient1" time="0.0">
    <skipped/>
  </testcase> <!-- addPatient1 -->
</testsuite> <!-- Default test -->
