<?xml version="1.0" encoding="UTF-8"?>
<!-- Generated by org.testng.reporters.JUnitXMLReporter -->
<testsuite ignored="0" hostname="gopi" failures="0" tests="5" name="Default test" time="24.936" errors="0" timestamp="2026-03-23T16:29:00 IST">
  <testcase classname="com.comcast.HMS.AppointmentTest.CreatePatientTest" name="createPatient" time="5.961"/>
  <testcase classname="com.comcast.HMS.AppointmentTest.CreatePatientTest" name="createPatient" time="3.954"/>
  <testcase classname="com.comcast.HMS.AppointmentTest.CreatePatientTest" name="createPatient" time="4.444"/>
  <testcase classname="com.comcast.HMS.AppointmentTest.CreatePatientTest" name="createPatient" time="3.927"/>
  <testcase classname="com.comcast.HMS.AppointmentTest.CreatePatientTest" name="createPatient" time="4.303"/>
</testsuite> <!-- Default test -->
