<?xml version="1.0" encoding="UTF-8"?>
<!-- Generated by org.testng.reporters.JUnitXMLReporter -->
<testsuite ignored="0" hostname="WIN-LAP01" failures="1" tests="1" name="Test" time="7.567" errors="0" timestamp="2026-02-20T13:29:51 IST">
  <testcase classname="com.comcast.HMS.DoctorTest.Add_PatientTest" name="addPatient" time="0.0">
    <failure type="java.lang.RuntimeException" message="java.lang.IllegalStateException: Cannot get a STRING value from a NUMERIC cell">
      <![CDATA[java.lang.RuntimeException: java.lang.IllegalStateException: Cannot get a STRING value from a NUMERIC cell
at java.base/java.util.ArrayList.forEach(ArrayList.java:1604)
Caused by: java.lang.IllegalStateException: Cannot get a STRING value from a NUMERIC cell
at org.apache.poi.xssf.usermodel.XSSFCell.typeMismatch(XSSFCell.java:982)
at org.apache.poi.xssf.usermodel.XSSFCell.getRichStringCellValue(XSSFCell.java:308)
at org.apache.poi.xssf.usermodel.XSSFCell.getStringCellValue(XSSFCell.java:277)
at com.comcast.HMS.generic.fileutility.ExcelUtility.getData(ExcelUtility.java:15)
at com.comcast.HMS.DoctorTest.Add_PatientTest.getPatientData(Add_PatientTest.java:15)
... 25 more
... Removed 30 stack frames]]>
    </failure>
  </testcase> <!-- addPatient -->
</testsuite> <!-- Test -->
