<?xml version="1.0" encoding="UTF-8"?>
<testng-results ignored="0" total="2" passed="2" failed="0" skipped="0">
  <reporter-output>
  </reporter-output>
  <suite started-at="2026-02-25T18:12:03 IST" name="Default suite" finished-at="2026-02-25T18:12:10 IST" duration-ms="7584">
    <groups>
    </groups>
    <test started-at="2026-02-25T18:12:03 IST" name="Default test" finished-at="2026-02-25T18:12:10 IST" duration-ms="7584">
      <class name="com.comcast.HMS.PatientTest.Book_AppointmentTest">
        <test-method is-config="true" signature="conficBS()[pri:0, instance:com.comcast.HMS.PatientTest.Book_AppointmentTest@4e08711f]" started-at="2026-02-25T18:12:02 IST" name="conficBS" finished-at="2026-02-25T18:12:03 IST" duration-ms="610" status="PASS">
          <reporter-output>
          </reporter-output>
        </test-method> <!-- conficBS -->
        <test-method is-config="true" signature="configBC()[pri:0, instance:com.comcast.HMS.PatientTest.Book_AppointmentTest@4e08711f]" started-at="2026-02-25T18:12:03 IST" name="configBC" finished-at="2026-02-25T18:12:04 IST" duration-ms="1210" status="PASS">
          <reporter-output>
          </reporter-output>
        </test-method> <!-- configBC -->
        <test-method is-config="true" signature="configBM()[pri:0, instance:com.comcast.HMS.PatientTest.Book_AppointmentTest@4e08711f]" started-at="2026-02-25T18:12:04 IST" name="configBM" finished-at="2026-02-25T18:12:06 IST" duration-ms="1637" status="PASS">
          <reporter-output>
          </reporter-output>
        </test-method> <!-- configBM -->
        <test-method signature="BookAppointment()[pri:1, instance:com.comcast.HMS.PatientTest.Book_AppointmentTest@4e08711f]" started-at="2026-02-25T18:12:06 IST" name="BookAppointment" finished-at="2026-02-25T18:12:07 IST" duration-ms="1197" status="PASS">
          <reporter-output>
          </reporter-output>
        </test-method> <!-- BookAppointment -->
        <test-method is-config="true" signature="closeApp()[pri:0, instance:com.comcast.HMS.PatientTest.Book_AppointmentTest@4e08711f]" started-at="2026-02-25T18:12:07 IST" name="closeApp" finished-at="2026-02-25T18:12:08 IST" duration-ms="291" status="PASS">
          <reporter-output>
          </reporter-output>
        </test-method> <!-- closeApp -->
        <test-method is-config="true" signature="configBM()[pri:0, instance:com.comcast.HMS.PatientTest.Book_AppointmentTest@4e08711f]" started-at="2026-02-25T18:12:08 IST" name="configBM" finished-at="2026-02-25T18:12:09 IST" duration-ms="960" status="PASS">
          <reporter-output>
          </reporter-output>
        </test-method> <!-- configBM -->
        <test-method signature="AppointmentHistory()[pri:2, instance:com.comcast.HMS.PatientTest.Book_AppointmentTest@4e08711f]" started-at="2026-02-25T18:12:09 IST" name="AppointmentHistory" finished-at="2026-02-25T18:12:09 IST" duration-ms="689" status="PASS">
          <reporter-output>
          </reporter-output>
        </test-method> <!-- AppointmentHistory -->
        <test-method is-config="true" signature="closeApp()[pri:0, instance:com.comcast.HMS.PatientTest.Book_AppointmentTest@4e08711f]" started-at="2026-02-25T18:12:10 IST" name="closeApp" finished-at="2026-02-25T18:12:10 IST" duration-ms="605" status="PASS">
          <reporter-output>
          </reporter-output>
        </test-method> <!-- closeApp -->
        <test-method is-config="true" signature="ConfigAC()[pri:0, instance:com.comcast.HMS.PatientTest.Book_AppointmentTest@4e08711f]" started-at="2026-02-25T18:12:10 IST" name="ConfigAC" finished-at="2026-02-25T18:12:10 IST" duration-ms="278" status="PASS">
          <reporter-output>
          </reporter-output>
        </test-method> <!-- ConfigAC -->
        <test-method is-config="true" signature="configAS()[pri:0, instance:com.comcast.HMS.PatientTest.Book_AppointmentTest@4e08711f]" started-at="2026-02-25T18:12:11 IST" name="configAS" finished-at="2026-02-25T18:12:11 IST" duration-ms="4" status="PASS">
          <reporter-output>
          </reporter-output>
        </test-method> <!-- configAS -->
      </class> <!-- com.comcast.HMS.PatientTest.Book_AppointmentTest -->
    </test> <!-- Default test -->
  </suite> <!-- Default suite -->
</testng-results>
