<?xml version="1.0" encoding="UTF-8"?>
<testng-results ignored="2" total="3" passed="1" failed="0" skipped="0">
  <reporter-output>
  </reporter-output>
  <suite started-at="2026-02-25T11:42:35 IST" name="Default suite" finished-at="2026-02-25T11:42:53 IST" duration-ms="18370">
    <groups>
    </groups>
    <test started-at="2026-02-25T11:42:35 IST" name="Default test" finished-at="2026-02-25T11:42:53 IST" duration-ms="18370">
      <class name="com.comcast.HMS.PatientTest.Book_AppointmentTest">
        <test-method is-config="true" signature="conficBS()[pri:0, instance:com.comcast.HMS.PatientTest.Book_AppointmentTest@40005471]" started-at="2026-02-25T11:42:34 IST" name="conficBS" finished-at="2026-02-25T11:42:35 IST" duration-ms="577" status="PASS">
          <reporter-output>
          </reporter-output>
        </test-method> <!-- conficBS -->
        <test-method is-config="true" signature="configBC()[pri:0, instance:com.comcast.HMS.PatientTest.Book_AppointmentTest@40005471]" started-at="2026-02-25T11:42:35 IST" name="configBC" finished-at="2026-02-25T11:42:39 IST" duration-ms="3824" status="PASS">
          <reporter-output>
          </reporter-output>
        </test-method> <!-- configBC -->
        <test-method is-config="true" signature="configBM()[pri:0, instance:com.comcast.HMS.PatientTest.Book_AppointmentTest@40005471]" started-at="2026-02-25T11:42:39 IST" name="configBM" finished-at="2026-02-25T11:42:49 IST" duration-ms="10495" status="PASS">
          <reporter-output>
          </reporter-output>
        </test-method> <!-- configBM -->
        <test-method signature="BookAppointment()[pri:1, instance:com.comcast.HMS.PatientTest.Book_AppointmentTest@40005471]" started-at="2026-02-25T11:42:49 IST" name="BookAppointment" finished-at="2026-02-25T11:42:52 IST" duration-ms="2564" status="PASS">
          <reporter-output>
          </reporter-output>
        </test-method> <!-- BookAppointment -->
        <test-method is-config="true" signature="closeApp()[pri:0, instance:com.comcast.HMS.PatientTest.Book_AppointmentTest@40005471]" started-at="2026-02-25T11:42:52 IST" name="closeApp" finished-at="2026-02-25T11:42:52 IST" duration-ms="331" status="PASS">
          <reporter-output>
          </reporter-output>
        </test-method> <!-- closeApp -->
        <test-method is-config="true" signature="ConfigAC()[pri:0, instance:com.comcast.HMS.PatientTest.Book_AppointmentTest@40005471]" started-at="2026-02-25T11:42:52 IST" name="ConfigAC" finished-at="2026-02-25T11:42:53 IST" duration-ms="857" status="PASS">
          <reporter-output>
          </reporter-output>
        </test-method> <!-- ConfigAC -->
        <test-method is-config="true" signature="configAS()[pri:0, instance:com.comcast.HMS.PatientTest.Book_AppointmentTest@40005471]" started-at="2026-02-25T11:42:53 IST" name="configAS" finished-at="2026-02-25T11:42:53 IST" duration-ms="2" status="PASS">
          <reporter-output>
          </reporter-output>
        </test-method> <!-- configAS -->
      </class> <!-- com.comcast.HMS.PatientTest.Book_AppointmentTest -->
    </test> <!-- Default test -->
  </suite> <!-- Default suite -->
</testng-results>
