<?xml version="1.0" encoding="UTF-8"?>
<testng-results ignored="0" total="5" passed="5" failed="0" skipped="0">
  <reporter-output>
  </reporter-output>
  <suite started-at="2026-03-23T16:28:35 IST" name="Default suite" finished-at="2026-03-23T16:29:00 IST" duration-ms="24936">
    <groups>
    </groups>
    <test started-at="2026-03-23T16:28:35 IST" name="Default test" finished-at="2026-03-23T16:29:00 IST" duration-ms="24936">
      <class name="com.comcast.HMS.AppointmentTest.CreatePatientTest">
        <test-method signature="createPatient(java.lang.String,java.lang.String,java.lang.String,java.lang.String,java.lang.String,java.lang.String,java.lang.String)[pri:0, instance:com.comcast.HMS.AppointmentTest.CreatePatientTest@6200f9cb]" started-at="2026-03-23T16:28:37 IST" name="createPatient" data-provider="UserData" finished-at="2026-03-23T16:28:43 IST" duration-ms="5961" status="PASS">
          <params>
            <param index="0">
              <value>
                <![CDATA[John Doey]]>
              </value>
            </param>
            <param index="1">
              <value>
                <![CDATA[12 Park Street]]>
              </value>
            </param>
            <param index="2">
              <value>
                <![CDATA[New York]]>
              </value>
            </param>
            <param index="3">
              <value>
                <![CDATA[Male]]>
              </value>
            </param>
            <param index="4">
              <value>
                <![CDATA[johndoe1@test.com]]>
              </value>
            </param>
            <param index="5">
              <value>
                <![CDATA[Test@123]]>
              </value>
            </param>
            <param index="6">
              <value>
                <![CDATA[Test@123]]>
              </value>
            </param>
          </params>
          <reporter-output>
          </reporter-output>
        </test-method> <!-- createPatient -->
        <test-method signature="createPatient(java.lang.String,java.lang.String,java.lang.String,java.lang.String,java.lang.String,java.lang.String,java.lang.String)[pri:0, instance:com.comcast.HMS.AppointmentTest.CreatePatientTest@6200f9cb]" started-at="2026-03-23T16:28:43 IST" name="createPatient" data-provider="UserData" finished-at="2026-03-23T16:28:47 IST" duration-ms="3954" status="PASS">
          <params>
            <param index="0">
              <value>
                <![CDATA[Sarah Smith]]>
              </value>
            </param>
            <param index="1">
              <value>
                <![CDATA[45 Lake View Road]]>
              </value>
            </param>
            <param index="2">
              <value>
                <![CDATA[Chicago]]>
              </value>
            </param>
            <param index="3">
              <value>
                <![CDATA[Female]]>
              </value>
            </param>
            <param index="4">
              <value>
                <![CDATA[sarah.smith@test.com]]>
              </value>
            </param>
            <param index="5">
              <value>
                <![CDATA[Test@123]]>
              </value>
            </param>
            <param index="6">
              <value>
                <![CDATA[Test@123]]>
              </value>
            </param>
          </params>
          <reporter-output>
          </reporter-output>
        </test-method> <!-- createPatient -->
        <test-method signature="createPatient(java.lang.String,java.lang.String,java.lang.String,java.lang.String,java.lang.String,java.lang.String,java.lang.String)[pri:0, instance:com.comcast.HMS.AppointmentTest.CreatePatientTest@6200f9cb]" started-at="2026-03-23T16:28:47 IST" name="createPatient" data-provider="UserData" finished-at="2026-03-23T16:28:51 IST" duration-ms="4444" status="PASS">
          <params>
            <param index="0">
              <value>
                <![CDATA[Amit Kumar]]>
              </value>
            </param>
            <param index="1">
              <value>
                <![CDATA[89 MG Road]]>
              </value>
            </param>
            <param index="2">
              <value>
                <![CDATA[Bangalore]]>
              </value>
            </param>
            <param index="3">
              <value>
                <![CDATA[Male]]>
              </value>
            </param>
            <param index="4">
              <value>
                <![CDATA[amit.k@test.com]]>
              </value>
            </param>
            <param index="5">
              <value>
                <![CDATA[Test@123]]>
              </value>
            </param>
            <param index="6">
              <value>
                <![CDATA[Test@123]]>
              </value>
            </param>
          </params>
          <reporter-output>
          </reporter-output>
        </test-method> <!-- createPatient -->
        <test-method signature="createPatient(java.lang.String,java.lang.String,java.lang.String,java.lang.String,java.lang.String,java.lang.String,java.lang.String)[pri:0, instance:com.comcast.HMS.AppointmentTest.CreatePatientTest@6200f9cb]" started-at="2026-03-23T16:28:51 IST" name="createPatient" data-provider="UserData" finished-at="2026-03-23T16:28:55 IST" duration-ms="3927" status="PASS">
          <params>
            <param index="0">
              <value>
                <![CDATA[Emily Johnson]]>
              </value>
            </param>
            <param index="1">
              <value>
                <![CDATA[230 Sunset Blvd]]>
              </value>
            </param>
            <param index="2">
              <value>
                <![CDATA[Los Angeles]]>
              </value>
            </param>
            <param index="3">
              <value>
                <![CDATA[Female]]>
              </value>
            </param>
            <param index="4">
              <value>
                <![CDATA[emily.j@test.com]]>
              </value>
            </param>
            <param index="5">
              <value>
                <![CDATA[Test@123]]>
              </value>
            </param>
            <param index="6">
              <value>
                <![CDATA[Test@123]]>
              </value>
            </param>
          </params>
          <reporter-output>
          </reporter-output>
        </test-method> <!-- createPatient -->
        <test-method signature="createPatient(java.lang.String,java.lang.String,java.lang.String,java.lang.String,java.lang.String,java.lang.String,java.lang.String)[pri:0, instance:com.comcast.HMS.AppointmentTest.CreatePatientTest@6200f9cb]" started-at="2026-03-23T16:28:55 IST" name="createPatient" data-provider="UserData" finished-at="2026-03-23T16:29:00 IST" duration-ms="4303" status="PASS">
          <params>
            <param index="0">
              <value>
                <![CDATA[Michael Brown]]>
              </value>
            </param>
            <param index="1">
              <value>
                <![CDATA[77 King Street]]>
              </value>
            </param>
            <param index="2">
              <value>
                <![CDATA[Toronto]]>
              </value>
            </param>
            <param index="3">
              <value>
                <![CDATA[Male]]>
              </value>
            </param>
            <param index="4">
              <value>
                <![CDATA[michael.b@test.com]]>
              </value>
            </param>
            <param index="5">
              <value>
                <![CDATA[Test@123]]>
              </value>
            </param>
            <param index="6">
              <value>
                <![CDATA[Test@123]]>
              </value>
            </param>
          </params>
          <reporter-output>
          </reporter-output>
        </test-method> <!-- createPatient -->
      </class> <!-- com.comcast.HMS.AppointmentTest.CreatePatientTest -->
    </test> <!-- Default test -->
  </suite> <!-- Default suite -->
</testng-results>
