<?xml version="1.0" encoding="UTF-8"?>
<testng-results ignored="0" total="1" passed="1" failed="0" skipped="0">
  <reporter-output>
  </reporter-output>
  <suite started-at="2026-05-13T11:01:08 IST" name="Default suite" finished-at="2026-05-13T11:01:22 IST" duration-ms="13950">
    <groups>
    </groups>
    <test started-at="2026-05-13T11:01:08 IST" name="Default test" finished-at="2026-05-13T11:01:22 IST" duration-ms="13950">
      <class name="com.comcast.HMS.DoctorTest.Add_PatientTest">
        <test-method is-config="true" signature="conficBS()[pri:0, instance:com.comcast.HMS.DoctorTest.Add_PatientTest@2796aeae]" started-at="2026-05-13T11:01:07 IST" name="conficBS" finished-at="2026-05-13T11:01:08 IST" duration-ms="1059" status="PASS">
          <reporter-output>
          </reporter-output>
        </test-method> <!-- conficBS -->
        <test-method is-config="true" signature="openBrowser()[pri:0, instance:com.comcast.HMS.DoctorTest.Add_PatientTest@2796aeae]" started-at="2026-05-13T11:01:08 IST" name="openBrowser" finished-at="2026-05-13T11:01:16 IST" duration-ms="8404" status="PASS">
          <reporter-output>
          </reporter-output>
        </test-method> <!-- openBrowser -->
        <test-method is-config="true" signature="login()[pri:0, instance:com.comcast.HMS.DoctorTest.Add_PatientTest@2796aeae]" started-at="2026-05-13T11:01:16 IST" name="login" finished-at="2026-05-13T11:01:18 IST" duration-ms="1760" status="PASS">
          <reporter-output>
          </reporter-output>
        </test-method> <!-- login -->
        <test-method signature="addPatient1()[pri:0, instance:com.comcast.HMS.DoctorTest.Add_PatientTest@2796aeae]" started-at="2026-05-13T11:01:18 IST" name="addPatient1" finished-at="2026-05-13T11:01:21 IST" duration-ms="2556" status="PASS">
          <reporter-output>
          </reporter-output>
        </test-method> <!-- addPatient1 -->
        <test-method is-config="true" signature="logout()[pri:0, instance:com.comcast.HMS.DoctorTest.Add_PatientTest@2796aeae]" started-at="2026-05-13T11:01:21 IST" name="logout" finished-at="2026-05-13T11:01:22 IST" duration-ms="497" status="PASS">
          <reporter-output>
          </reporter-output>
        </test-method> <!-- logout -->
        <test-method is-config="true" signature="ConfigAC()[pri:0, instance:com.comcast.HMS.DoctorTest.Add_PatientTest@2796aeae]" started-at="2026-05-13T11:01:22 IST" name="ConfigAC" finished-at="2026-05-13T11:01:22 IST" duration-ms="351" status="PASS">
          <reporter-output>
          </reporter-output>
        </test-method> <!-- ConfigAC -->
        <test-method is-config="true" signature="configAS()[pri:0, instance:com.comcast.HMS.DoctorTest.Add_PatientTest@2796aeae]" started-at="2026-05-13T11:01:22 IST" name="configAS" finished-at="2026-05-13T11:01:22 IST" duration-ms="4" status="PASS">
          <reporter-output>
          </reporter-output>
        </test-method> <!-- configAS -->
      </class> <!-- com.comcast.HMS.DoctorTest.Add_PatientTest -->
    </test> <!-- Default test -->
  </suite> <!-- Default suite -->
</testng-results>
