<?xml version="1.0" encoding="UTF-8"?>
<testng-results ignored="0" total="2" passed="2" failed="0" skipped="0">
  <reporter-output>
  </reporter-output>
  <suite started-at="2026-02-19T12:07:43 IST" name="Suite" finished-at="2026-02-19T12:07:54 IST" duration-ms="10966">
    <groups>
    </groups>
    <test started-at="2026-02-19T12:07:43 IST" name="Test" finished-at="2026-02-19T12:07:54 IST" duration-ms="10966">
      <class name="com.comcast.HMS.PatientTest.Book_AppointmentTest">
        <test-method is-config="true" signature="conficBS()[pri:0, instance:com.comcast.HMS.PatientTest.Book_AppointmentTest@74f0ea28]" started-at="2026-02-19T12:07:42 IST" name="conficBS" finished-at="2026-02-19T12:07:43 IST" duration-ms="702" status="PASS">
          <reporter-output>
          </reporter-output>
        </test-method> <!-- conficBS -->
        <test-method is-config="true" signature="configBC()[pri:0, instance:com.comcast.HMS.PatientTest.Book_AppointmentTest@74f0ea28]" started-at="2026-02-19T12:07:43 IST" name="configBC" finished-at="2026-02-19T12:07:47 IST" duration-ms="4254" status="PASS">
          <reporter-output>
          </reporter-output>
        </test-method> <!-- configBC -->
        <test-method is-config="true" signature="configBM()[pri:0, instance:com.comcast.HMS.PatientTest.Book_AppointmentTest@74f0ea28]" started-at="2026-02-19T12:07:47 IST" name="configBM" finished-at="2026-02-19T12:07:49 IST" duration-ms="1303" status="PASS">
          <reporter-output>
          </reporter-output>
        </test-method> <!-- configBM -->
        <test-method signature="BookAppointment()[pri:1, instance:com.comcast.HMS.PatientTest.Book_AppointmentTest@74f0ea28]" started-at="2026-02-19T12:07:49 IST" name="BookAppointment" finished-at="2026-02-19T12:07:50 IST" duration-ms="1674" status="PASS">
          <reporter-output>
          </reporter-output>
        </test-method> <!-- BookAppointment -->
        <test-method is-config="true" signature="closeApp()[pri:0, instance:com.comcast.HMS.PatientTest.Book_AppointmentTest@74f0ea28]" started-at="2026-02-19T12:07:50 IST" name="closeApp" finished-at="2026-02-19T12:07:51 IST" duration-ms="360" status="PASS">
          <reporter-output>
          </reporter-output>
        </test-method> <!-- closeApp -->
        <test-method is-config="true" signature="configBM()[pri:0, instance:com.comcast.HMS.PatientTest.Book_AppointmentTest@74f0ea28]" started-at="2026-02-19T12:07:51 IST" name="configBM" finished-at="2026-02-19T12:07:52 IST" duration-ms="737" status="PASS">
          <reporter-output>
          </reporter-output>
        </test-method> <!-- configBM -->
        <test-method signature="AppointmentHistory()[pri:2, instance:com.comcast.HMS.PatientTest.Book_AppointmentTest@74f0ea28]" started-at="2026-02-19T12:07:52 IST" name="AppointmentHistory" finished-at="2026-02-19T12:07:52 IST" duration-ms="406" status="PASS">
          <reporter-output>
          </reporter-output>
        </test-method> <!-- AppointmentHistory -->
        <test-method is-config="true" signature="closeApp()[pri:0, instance:com.comcast.HMS.PatientTest.Book_AppointmentTest@74f0ea28]" started-at="2026-02-19T12:07:52 IST" name="closeApp" finished-at="2026-02-19T12:07:52 IST" duration-ms="384" status="PASS">
          <reporter-output>
          </reporter-output>
        </test-method> <!-- closeApp -->
        <test-method is-config="true" signature="ConfigAC()[pri:0, instance:com.comcast.HMS.PatientTest.Book_AppointmentTest@74f0ea28]" started-at="2026-02-19T12:07:52 IST" name="ConfigAC" finished-at="2026-02-19T12:07:54 IST" duration-ms="1435" status="PASS">
          <reporter-output>
          </reporter-output>
        </test-method> <!-- ConfigAC -->
        <test-method is-config="true" signature="configAS()[pri:0, instance:com.comcast.HMS.PatientTest.Book_AppointmentTest@74f0ea28]" started-at="2026-02-19T12:07:54 IST" name="configAS" finished-at="2026-02-19T12:07:54 IST" duration-ms="12" status="PASS">
          <reporter-output>
          </reporter-output>
        </test-method> <!-- configAS -->
      </class> <!-- com.comcast.HMS.PatientTest.Book_AppointmentTest -->
    </test> <!-- Test -->
  </suite> <!-- Suite -->
</testng-results>
