<?xml version="1.0" encoding="UTF-8"?>
<testng-results ignored="0" total="1" passed="1" failed="0" skipped="0">
  <reporter-output>
  </reporter-output>
  <suite started-at="2026-02-26T00:27:35 IST" name="Default suite" finished-at="2026-02-26T00:27:43 IST" duration-ms="8653">
    <groups>
    </groups>
    <test started-at="2026-02-26T00:27:35 IST" name="Default test" finished-at="2026-02-26T00:27:43 IST" duration-ms="8653">
      <class name="com.comcast.HMS.DoctorTest.Add_PatientTest">
        <test-method is-config="true" signature="conficBS()[pri:0, instance:com.comcast.HMS.DoctorTest.Add_PatientTest@4b2bac3f]" started-at="2026-02-26T00:27:34 IST" name="conficBS" finished-at="2026-02-26T00:27:35 IST" duration-ms="498" status="PASS">
          <reporter-output>
          </reporter-output>
        </test-method> <!-- conficBS -->
        <test-method is-config="true" signature="openBrowser()[pri:0, instance:com.comcast.HMS.DoctorTest.Add_PatientTest@4b2bac3f]" started-at="2026-02-26T00:27:35 IST" name="openBrowser" finished-at="2026-02-26T00:27:36 IST" duration-ms="1290" status="PASS">
          <reporter-output>
          </reporter-output>
        </test-method> <!-- openBrowser -->
        <test-method is-config="true" signature="login()[pri:0, instance:com.comcast.HMS.DoctorTest.Add_PatientTest@4b2bac3f]" started-at="2026-02-26T00:27:36 IST" name="login" finished-at="2026-02-26T00:27:39 IST" duration-ms="2799" status="PASS">
          <reporter-output>
          </reporter-output>
        </test-method> <!-- login -->
        <test-method signature="addPatient1()[pri:0, instance:com.comcast.HMS.DoctorTest.Add_PatientTest@4b2bac3f]" started-at="2026-02-26T00:27:39 IST" name="addPatient1" finished-at="2026-02-26T00:27:43 IST" duration-ms="3683" status="PASS">
          <reporter-output>
          </reporter-output>
        </test-method> <!-- addPatient1 -->
        <test-method is-config="true" signature="logout()[pri:0, instance:com.comcast.HMS.DoctorTest.Add_PatientTest@4b2bac3f]" started-at="2026-02-26T00:27:43 IST" name="logout" finished-at="2026-02-26T00:27:43 IST" duration-ms="586" status="PASS">
          <reporter-output>
          </reporter-output>
        </test-method> <!-- logout -->
        <test-method is-config="true" signature="ConfigAC()[pri:0, instance:com.comcast.HMS.DoctorTest.Add_PatientTest@4b2bac3f]" started-at="2026-02-26T00:27:43 IST" name="ConfigAC" finished-at="2026-02-26T00:27:43 IST" duration-ms="254" status="PASS">
          <reporter-output>
          </reporter-output>
        </test-method> <!-- ConfigAC -->
        <test-method is-config="true" signature="configAS()[pri:0, instance:com.comcast.HMS.DoctorTest.Add_PatientTest@4b2bac3f]" started-at="2026-02-26T00:27:44 IST" name="configAS" finished-at="2026-02-26T00:27:44 IST" duration-ms="3" status="PASS">
          <reporter-output>
          </reporter-output>
        </test-method> <!-- configAS -->
      </class> <!-- com.comcast.HMS.DoctorTest.Add_PatientTest -->
    </test> <!-- Default test -->
  </suite> <!-- Default suite -->
</testng-results>
