<?xml version="1.0" encoding="UTF-8"?>
<testng-results ignored="0" total="1" passed="1" failed="0" skipped="0">
  <reporter-output>
  </reporter-output>
  <suite started-at="2026-05-26T11:52:05 IST" name="Default suite" finished-at="2026-05-26T11:52:14 IST" duration-ms="9299">
    <groups>
    </groups>
    <test started-at="2026-05-26T11:52:05 IST" name="Default test" finished-at="2026-05-26T11:52:14 IST" duration-ms="9299">
      <class name="com.comcast.HMS.DoctorTest.Add_PatientTest">
        <test-method is-config="true" signature="conficBS()[pri:0, instance:com.comcast.HMS.DoctorTest.Add_PatientTest@2796aeae]" started-at="2026-05-26T11:52:04 IST" name="conficBS" finished-at="2026-05-26T11:52:05 IST" duration-ms="1060" status="PASS">
          <reporter-output>
          </reporter-output>
        </test-method> <!-- conficBS -->
        <test-method is-config="true" signature="openBrowser()[pri:0, instance:com.comcast.HMS.DoctorTest.Add_PatientTest@2796aeae]" started-at="2026-05-26T11:52:05 IST" name="openBrowser" finished-at="2026-05-26T11:52:09 IST" duration-ms="4120" status="PASS">
          <reporter-output>
          </reporter-output>
        </test-method> <!-- openBrowser -->
        <test-method is-config="true" signature="login()[pri:0, instance:com.comcast.HMS.DoctorTest.Add_PatientTest@2796aeae]" started-at="2026-05-26T11:52:09 IST" name="login" finished-at="2026-05-26T11:52:11 IST" duration-ms="1969" status="PASS">
          <reporter-output>
          </reporter-output>
        </test-method> <!-- login -->
        <test-method signature="addPatient1()[pri:0, instance:com.comcast.HMS.DoctorTest.Add_PatientTest@2796aeae]" started-at="2026-05-26T11:52:12 IST" name="addPatient1" finished-at="2026-05-26T11:52:14 IST" duration-ms="2015" status="PASS">
          <reporter-output>
          </reporter-output>
        </test-method> <!-- addPatient1 -->
        <test-method is-config="true" signature="logout()[pri:0, instance:com.comcast.HMS.DoctorTest.Add_PatientTest@2796aeae]" started-at="2026-05-26T11:52:14 IST" name="logout" finished-at="2026-05-26T11:52:14 IST" duration-ms="520" status="PASS">
          <reporter-output>
          </reporter-output>
        </test-method> <!-- logout -->
        <test-method is-config="true" signature="ConfigAC()[pri:0, instance:com.comcast.HMS.DoctorTest.Add_PatientTest@2796aeae]" started-at="2026-05-26T11:52:14 IST" name="ConfigAC" finished-at="2026-05-26T11:52:14 IST" duration-ms="339" status="PASS">
          <reporter-output>
          </reporter-output>
        </test-method> <!-- ConfigAC -->
        <test-method is-config="true" signature="configAS()[pri:0, instance:com.comcast.HMS.DoctorTest.Add_PatientTest@2796aeae]" started-at="2026-05-26T11:52:15 IST" name="configAS" finished-at="2026-05-26T11:52:15 IST" duration-ms="6" status="PASS">
          <reporter-output>
          </reporter-output>
        </test-method> <!-- configAS -->
      </class> <!-- com.comcast.HMS.DoctorTest.Add_PatientTest -->
    </test> <!-- Default test -->
  </suite> <!-- Default suite -->
</testng-results>
