<?xml version="1.0" encoding="UTF-8"?>
<testng-results ignored="0" total="2" passed="2" failed="0" skipped="0">
  <reporter-output>
  </reporter-output>
  <suite started-at="2026-02-25T12:20:36 IST" name="Default suite" finished-at="2026-02-25T12:20:44 IST" duration-ms="8163">
    <groups>
    </groups>
    <test started-at="2026-02-25T12:20:36 IST" name="Default test" finished-at="2026-02-25T12:20:44 IST" duration-ms="8163">
      <class name="com.comcast.HMS.PatientTest.Book_AppointmentTest">
        <test-method is-config="true" signature="conficBS()[pri:0, instance:com.comcast.HMS.PatientTest.Book_AppointmentTest@4e08711f]" started-at="2026-02-25T12:20:36 IST" name="conficBS" finished-at="2026-02-25T12:20:36 IST" duration-ms="468" status="PASS">
          <reporter-output>
          </reporter-output>
        </test-method> <!-- conficBS -->
        <test-method is-config="true" signature="configBC()[pri:0, instance:com.comcast.HMS.PatientTest.Book_AppointmentTest@4e08711f]" started-at="2026-02-25T12:20:36 IST" name="configBC" finished-at="2026-02-25T12:20:39 IST" duration-ms="2966" status="PASS">
          <reporter-output>
          </reporter-output>
        </test-method> <!-- configBC -->
        <test-method is-config="true" signature="configBM()[pri:0, instance:com.comcast.HMS.PatientTest.Book_AppointmentTest@4e08711f]" started-at="2026-02-25T12:20:39 IST" name="configBM" finished-at="2026-02-25T12:20:41 IST" duration-ms="1410" status="PASS">
          <reporter-output>
          </reporter-output>
        </test-method> <!-- configBM -->
        <test-method signature="BookAppointment()[pri:1, instance:com.comcast.HMS.PatientTest.Book_AppointmentTest@4e08711f]" started-at="2026-02-25T12:20:41 IST" name="BookAppointment" finished-at="2026-02-25T12:20:42 IST" duration-ms="1363" status="PASS">
          <reporter-output>
          </reporter-output>
        </test-method> <!-- BookAppointment -->
        <test-method is-config="true" signature="closeApp()[pri:0, instance:com.comcast.HMS.PatientTest.Book_AppointmentTest@4e08711f]" started-at="2026-02-25T12:20:42 IST" name="closeApp" finished-at="2026-02-25T12:20:42 IST" duration-ms="254" status="PASS">
          <reporter-output>
          </reporter-output>
        </test-method> <!-- closeApp -->
        <test-method is-config="true" signature="configBM()[pri:0, instance:com.comcast.HMS.PatientTest.Book_AppointmentTest@4e08711f]" started-at="2026-02-25T12:20:42 IST" name="configBM" finished-at="2026-02-25T12:20:43 IST" duration-ms="511" status="PASS">
          <reporter-output>
          </reporter-output>
        </test-method> <!-- configBM -->
        <test-method signature="AppointmentHistory()[pri:2, instance:com.comcast.HMS.PatientTest.Book_AppointmentTest@4e08711f]" started-at="2026-02-25T12:20:43 IST" name="AppointmentHistory" finished-at="2026-02-25T12:20:43 IST" duration-ms="287" status="PASS">
          <reporter-output>
          </reporter-output>
        </test-method> <!-- AppointmentHistory -->
        <test-method is-config="true" signature="closeApp()[pri:0, instance:com.comcast.HMS.PatientTest.Book_AppointmentTest@4e08711f]" started-at="2026-02-25T12:20:43 IST" name="closeApp" finished-at="2026-02-25T12:20:43 IST" duration-ms="253" status="PASS">
          <reporter-output>
          </reporter-output>
        </test-method> <!-- closeApp -->
        <test-method is-config="true" signature="ConfigAC()[pri:0, instance:com.comcast.HMS.PatientTest.Book_AppointmentTest@4e08711f]" started-at="2026-02-25T12:20:43 IST" name="ConfigAC" finished-at="2026-02-25T12:20:44 IST" duration-ms="853" status="PASS">
          <reporter-output>
          </reporter-output>
        </test-method> <!-- ConfigAC -->
        <test-method is-config="true" signature="configAS()[pri:0, instance:com.comcast.HMS.PatientTest.Book_AppointmentTest@4e08711f]" started-at="2026-02-25T12:20:44 IST" name="configAS" finished-at="2026-02-25T12:20:44 IST" duration-ms="4" status="PASS">
          <reporter-output>
          </reporter-output>
        </test-method> <!-- configAS -->
      </class> <!-- com.comcast.HMS.PatientTest.Book_AppointmentTest -->
    </test> <!-- Default test -->
  </suite> <!-- Default suite -->
</testng-results>
