<?xml version="1.0" encoding="UTF-8"?>
<!-- Generated by org.testng.reporters.JUnitReportReporter -->
<testsuite hostname="WIN-LAP01" failures="0" tests="5" name="com.comcast.HMS.AppointmentTest.CreatePatientTest" time="37.229" errors="0" timestamp="2026-02-11T17:17:55 IST" skipped="0">
  <testcase classname="com.comcast.HMS.AppointmentTest.CreatePatientTest" name="createPatient" time="9.303"/>
  <testcase classname="com.comcast.HMS.AppointmentTest.CreatePatientTest" name="createPatient" time="5.870"/>
  <testcase classname="com.comcast.HMS.AppointmentTest.CreatePatientTest" name="createPatient" time="6.118"/>
  <testcase classname="com.comcast.HMS.AppointmentTest.CreatePatientTest" name="createPatient" time="9.761"/>
  <testcase classname="com.comcast.HMS.AppointmentTest.CreatePatientTest" name="createPatient" time="6.177"/>
</testsuite> <!-- com.comcast.HMS.AppointmentTest.CreatePatientTest -->
