<?xml version="1.0" encoding="UTF-8"?>
<!-- Generated by org.testng.reporters.JUnitReportReporter -->
<testsuite hostname="WIN-LAP01" failures="0" tests="5" name="com.comcast.HMS.DoctorTest.Add_PatientTest" time="9.444" errors="0" timestamp="2026-02-20T15:52:30 IST" skipped="0">
  <testcase classname="com.comcast.HMS.DoctorTest.Add_PatientTest" name="addPatient4" time="2.240"/>
  <testcase classname="com.comcast.HMS.DoctorTest.Add_PatientTest" name="addPatient1" time="1.783"/>
  <testcase classname="com.comcast.HMS.DoctorTest.Add_PatientTest" name="addPatient3" time="2.323"/>
  <testcase classname="com.comcast.HMS.DoctorTest.Add_PatientTest" name="addPatient5" time="1.998"/>
  <testcase classname="com.comcast.HMS.DoctorTest.Add_PatientTest" name="addPatient2" time="1.100"/>
</testsuite> <!-- com.comcast.HMS.DoctorTest.Add_PatientTest -->
