<?xml version="1.0" encoding="UTF-8"?>
<!-- Generated by org.testng.reporters.JUnitReportReporter -->
<testsuite hostname="WIN-LAP01" failures="0" tests="1" name="com.comcast.HMS.AppointmentTest.Book_Multiple_AppointmentTest" time="5.421" errors="0" timestamp="2026-02-16T15:33:06 IST" skipped="0">
  <testcase classname="com.comcast.HMS.AppointmentTest.Book_Multiple_AppointmentTest" name="Appointment" time="5.421"/>
</testsuite> <!-- com.comcast.HMS.AppointmentTest.Book_Multiple_AppointmentTest -->
