<?xml version="1.0" encoding="UTF-8"?>
<!-- Generated by org.testng.reporters.JUnitReportReporter -->
<testsuite hostname="gopi" failures="0" tests="5" name="com.comcast.HMS.AppointmentTest.CreatePatientTest" time="22.589" errors="0" timestamp="2026-03-23T16:29:00 IST" skipped="0">
  <testcase classname="com.comcast.HMS.AppointmentTest.CreatePatientTest" name="createPatient" time="4.444"/>
  <testcase classname="com.comcast.HMS.AppointmentTest.CreatePatientTest" name="createPatient" time="4.303"/>
  <testcase classname="com.comcast.HMS.AppointmentTest.CreatePatientTest" name="createPatient" time="3.954"/>
  <testcase classname="com.comcast.HMS.AppointmentTest.CreatePatientTest" name="createPatient" time="3.927"/>
  <testcase classname="com.comcast.HMS.AppointmentTest.CreatePatientTest" name="createPatient" time="5.961"/>
</testsuite> <!-- com.comcast.HMS.AppointmentTest.CreatePatientTest -->
