<?xml version="1.0" encoding="UTF-8"?>
<!-- Generated by org.testng.reporters.JUnitReportReporter -->
<testsuite hostname="WIN-LAP01" failures="0" tests="2" name="com.comcast.HMS.PatientTest.Book_AppointmentTest" time="5.379" errors="0" timestamp="2026-02-25T18:12:11 IST" skipped="0">
  <testcase classname="com.comcast.HMS.PatientTest.Book_AppointmentTest" name="BookAppointment" time="3.439"/>
  <testcase classname="com.comcast.HMS.PatientTest.Book_AppointmentTest" name="AppointmentHistory" time="1.940"/>
</testsuite> <!-- com.comcast.HMS.PatientTest.Book_AppointmentTest -->
